{"numTotalTestSuites":6,"numPassedTestSuites":2,"numFailedTestSuites":4,"numPendingTestSuites":0,"numTotalTests":38,"numPassedTests":26,"numFailedTests":12,"numPendingTests":0,"numTodoTests":0,"snapshot":{"added":0,"failure":false,"filesAdded":0,"filesRemoved":0,"filesRemovedList":[],"filesUnmatched":0,"filesUpdated":0,"matched":0,"total":0,"unchecked":0,"uncheckedKeysByFile":[],"unmatched":0,"updated":0,"didUpdate":false},"startTime":1762343293646,"success":false,"testResults":[{"assertionResults":[{"ancestorTitles":["App Component"],"fullName":"App Component renders without crashing","status":"passed","title":"renders without crashing","duration":102.13555599999995,"failureMessages":[],"meta":{}},{"ancestorTitles":["App Component"],"fullName":"App Component contains DeviceSimulator component","status":"passed","title":"contains DeviceSimulator component","duration":382.04152,"failureMessages":[],"meta":{}},{"ancestorTitles":["App Component"],"fullName":"App Component applies app styling","status":"passed","title":"applies app styling","duration":15.799479999999903,"failureMessages":[],"meta":{}}],"startTime":1762343295003,"endTime":1762343295502.7996,"status":"passed","message":"","name":"/home/runner/work/raqeem/raqeem/devices/frontend/src/App.test.jsx"},{"assertionResults":[{"ancestorTitles":["ActivityForm Component"],"fullName":"ActivityForm Component renders form with all required fields","status":"passed","title":"renders form with all required fields","duration":294.58378700000003,"failureMessages":[],"meta":{}},{"ancestorTitles":["ActivityForm Component"],"fullName":"ActivityForm Component updates location input value","status":"passed","title":"updates location input value","duration":19.2523970000002,"failureMessages":[],"meta":{}},{"ancestorTitles":["ActivityForm Component"],"fullName":"ActivityForm Component updates password input value","status":"passed","title":"updates password input value","duration":6.051968999999872,"failureMessages":[],"meta":{}},{"ancestorTitles":["ActivityForm Component"],"fullName":"ActivityForm Component handles file selection","status":"passed","title":"handles file selection","duration":6.671836999999869,"failureMessages":[],"meta":{}},{"ancestorTitles":["ActivityForm Component"],"fullName":"ActivityForm Component shows validation for required fields","status":"passed","title":"shows validation for required fields","duration":4.358396999999968,"failureMessages":[],"meta":{}},{"ancestorTitles":["ActivityForm Component"],"fullName":"ActivityForm Component successful form submission","status":"failed","title":"successful form submission","duration":1102.61604,"failureMessages":["Error: Unable to find an element with the text: Activity added successfully. This could be because the text is broken up by multiple elements. In this case, you can provide a function for your text matcher to make your matcher more flexible.\n\nIgnored nodes: comments, script, style\n\u001b[36m<body>\u001b[39m\n  \u001b[36m<div>\u001b[39m\n    \u001b[36m<div>\u001b[39m\n      \u001b[36m<h2>\u001b[39m\n        \u001b[0mUser Activity Submission\u001b[0m\n      \u001b[36m</h2>\u001b[39m\n      \u001b[36m<form>\u001b[39m\n        \u001b[36m<input\u001b[39m\n          \u001b[33mplaceholder\u001b[39m=\u001b[32m\"Location\"\u001b[39m\n          \u001b[33mrequired\u001b[39m=\u001b[32m\"\"\u001b[39m\n          \u001b[33mtype\u001b[39m=\u001b[32m\"text\"\u001b[39m\n          \u001b[33mvalue\u001b[39m=\u001b[32m\"Test Location\"\u001b[39m\n        \u001b[36m/>\u001b[39m\n        \u001b[36m<input\u001b[39m\n          \u001b[33mplaceholder\u001b[39m=\u001b[32m\"Password\"\u001b[39m\n          \u001b[33mrequired\u001b[39m=\u001b[32m\"\"\u001b[39m\n          \u001b[33mtype\u001b[39m=\u001b[32m\"password\"\u001b[39m\n          \u001b[33mvalue\u001b[39m=\u001b[32m\"testpass\"\u001b[39m\n        \u001b[36m/>\u001b[39m\n        \u001b[36m<input\u001b[39m\n          \u001b[33maccept\u001b[39m=\u001b[32m\"image/*\"\u001b[39m\n          \u001b[33mrequired\u001b[39m=\u001b[32m\"\"\u001b[39m\n          \u001b[33mtype\u001b[39m=\u001b[32m\"file\"\u001b[39m\n        \u001b[36m/>\u001b[39m\n        \u001b[36m<button\u001b[39m\n          \u001b[33mtype\u001b[39m=\u001b[32m\"submit\"\u001b[39m\n        \u001b[36m>\u001b[39m\n          \u001b[0mAdd Activity\u001b[0m\n        \u001b[36m</button>\u001b[39m\n      \u001b[36m</form>\u001b[39m\n      \u001b[36m<p />\u001b[39m\n    \u001b[36m</div>\u001b[39m\n  \u001b[36m</div>\u001b[39m\n\u001b[36m</body>\u001b[39m\n    at Proxy.waitForWrapper (/home/runner/work/raqeem/raqeem/devices/frontend/node_modules/@testing-library/dom/dist/wait-for.js:163:27)\n    at /home/runner/work/raqeem/raqeem/devices/frontend/src/components/ActivityForm.test.jsx:99:15\n    at processTicksAndRejections (node:internal/process/task_queues:95:5)\n    at file:///home/runner/work/raqeem/raqeem/devices/frontend/node_modules/@vitest/runner/dist/index.js:753:20"],"meta":{}},{"ancestorTitles":["ActivityForm Component"],"fullName":"ActivityForm Component handles API error response","status":"failed","title":"handles API error response","duration":1034.0270889999997,"failureMessages":["Error: Unable to find an element with the text: Failed to add activity. This could be because the text is broken up by multiple elements. In this case, you can provide a function for your text matcher to make your matcher more flexible.\n\nIgnored nodes: comments, script, style\n\u001b[36m<body>\u001b[39m\n  \u001b[36m<div>\u001b[39m\n    \u001b[36m<div>\u001b[39m\n      \u001b[36m<h2>\u001b[39m\n        \u001b[0mUser Activity Submission\u001b[0m\n      \u001b[36m</h2>\u001b[39m\n      \u001b[36m<form>\u001b[39m\n        \u001b[36m<input\u001b[39m\n          \u001b[33mplaceholder\u001b[39m=\u001b[32m\"Location\"\u001b[39m\n          \u001b[33mrequired\u001b[39m=\u001b[32m\"\"\u001b[39m\n          \u001b[33mtype\u001b[39m=\u001b[32m\"text\"\u001b[39m\n          \u001b[33mvalue\u001b[39m=\u001b[32m\"Test Location\"\u001b[39m\n        \u001b[36m/>\u001b[39m\n        \u001b[36m<input\u001b[39m\n          \u001b[33mplaceholder\u001b[39m=\u001b[32m\"Password\"\u001b[39m\n          \u001b[33mrequired\u001b[39m=\u001b[32m\"\"\u001b[39m\n          \u001b[33mtype\u001b[39m=\u001b[32m\"password\"\u001b[39m\n          \u001b[33mvalue\u001b[39m=\u001b[32m\"testpass\"\u001b[39m\n        \u001b[36m/>\u001b[39m\n        \u001b[36m<input\u001b[39m\n          \u001b[33maccept\u001b[39m=\u001b[32m\"image/*\"\u001b[39m\n          \u001b[33mrequired\u001b[39m=\u001b[32m\"\"\u001b[39m\n          \u001b[33mtype\u001b[39m=\u001b[32m\"file\"\u001b[39m\n        \u001b[36m/>\u001b[39m\n        \u001b[36m<button\u001b[39m\n          \u001b[33mtype\u001b[39m=\u001b[32m\"submit\"\u001b[39m\n        \u001b[36m>\u001b[39m\n          \u001b[0mAdd Activity\u001b[0m\n        \u001b[36m</button>\u001b[39m\n      \u001b[36m</form>\u001b[39m\n      \u001b[36m<p />\u001b[39m\n    \u001b[36m</div>\u001b[39m\n  \u001b[36m</div>\u001b[39m\n\u001b[36m</body>\u001b[39m\n    at Proxy.waitForWrapper (/home/runner/work/raqeem/raqeem/devices/frontend/node_modules/@testing-library/dom/dist/wait-for.js:163:27)\n    at /home/runner/work/raqeem/raqeem/devices/frontend/src/components/ActivityForm.test.jsx:135:15\n    at processTicksAndRejections (node:internal/process/task_queues:95:5)\n    at file:///home/runner/work/raqeem/raqeem/devices/frontend/node_modules/@vitest/runner/dist/index.js:753:20"],"meta":{}},{"ancestorTitles":["ActivityForm Component"],"fullName":"ActivityForm Component handles network error","status":"failed","title":"handles network error","duration":1037.2674659999998,"failureMessages":["Error: Unable to find an element with the text: Failed to add activity. This could be because the text is broken up by multiple elements. In this case, you can provide a function for your text matcher to make your matcher more flexible.\n\nIgnored nodes: comments, script, style\n\u001b[36m<body>\u001b[39m\n  \u001b[36m<div>\u001b[39m\n    \u001b[36m<div>\u001b[39m\n      \u001b[36m<h2>\u001b[39m\n        \u001b[0mUser Activity Submission\u001b[0m\n      \u001b[36m</h2>\u001b[39m\n      \u001b[36m<form>\u001b[39m\n        \u001b[36m<input\u001b[39m\n          \u001b[33mplaceholder\u001b[39m=\u001b[32m\"Location\"\u001b[39m\n          \u001b[33mrequired\u001b[39m=\u001b[32m\"\"\u001b[39m\n          \u001b[33mtype\u001b[39m=\u001b[32m\"text\"\u001b[39m\n          \u001b[33mvalue\u001b[39m=\u001b[32m\"Test Location\"\u001b[39m\n        \u001b[36m/>\u001b[39m\n        \u001b[36m<input\u001b[39m\n          \u001b[33mplaceholder\u001b[39m=\u001b[32m\"Password\"\u001b[39m\n          \u001b[33mrequired\u001b[39m=\u001b[32m\"\"\u001b[39m\n          \u001b[33mtype\u001b[39m=\u001b[32m\"password\"\u001b[39m\n          \u001b[33mvalue\u001b[39m=\u001b[32m\"testpass\"\u001b[39m\n        \u001b[36m/>\u001b[39m\n        \u001b[36m<input\u001b[39m\n          \u001b[33maccept\u001b[39m=\u001b[32m\"image/*\"\u001b[39m\n          \u001b[33mrequired\u001b[39m=\u001b[32m\"\"\u001b[39m\n          \u001b[33mtype\u001b[39m=\u001b[32m\"file\"\u001b[39m\n        \u001b[36m/>\u001b[39m\n        \u001b[36m<button\u001b[39m\n          \u001b[33mtype\u001b[39m=\u001b[32m\"submit\"\u001b[39m\n        \u001b[36m>\u001b[39m\n          \u001b[0mAdd Activity\u001b[0m\n        \u001b[36m</button>\u001b[39m\n      \u001b[36m</form>\u001b[39m\n      \u001b[36m<p />\u001b[39m\n    \u001b[36m</div>\u001b[39m\n  \u001b[36m</div>\u001b[39m\n\u001b[36m</body>\u001b[39m\n    at Proxy.waitForWrapper (/home/runner/work/raqeem/raqeem/devices/frontend/node_modules/@testing-library/dom/dist/wait-for.js:163:27)\n    at /home/runner/work/raqeem/raqeem/devices/frontend/src/components/ActivityForm.test.jsx:160:15\n    at processTicksAndRejections (node:internal/process/task_queues:95:5)\n    at file:///home/runner/work/raqeem/raqeem/devices/frontend/node_modules/@vitest/runner/dist/index.js:753:20"],"meta":{}},{"ancestorTitles":["ActivityForm Component"],"fullName":"ActivityForm Component form data is correctly constructed","status":"failed","title":"form data is correctly constructed","duration":1035.020791,"failureMessages":["AssertionError: expected \"vi.fn()\" to be called at least once\n\nIgnored nodes: comments, script, style\n\u001b[36m<html>\u001b[39m\n  \u001b[36m<head />\u001b[39m\n  \u001b[36m<body>\u001b[39m\n    \u001b[36m<div>\u001b[39m\n      \u001b[36m<div>\u001b[39m\n        \u001b[36m<h2>\u001b[39m\n          \u001b[0mUser Activity Submission\u001b[0m\n        \u001b[36m</h2>\u001b[39m\n        \u001b[36m<form>\u001b[39m\n          \u001b[36m<input\u001b[39m\n            \u001b[33mplaceholder\u001b[39m=\u001b[32m\"Location\"\u001b[39m\n            \u001b[33mrequired\u001b[39m=\u001b[32m\"\"\u001b[39m\n            \u001b[33mtype\u001b[39m=\u001b[32m\"text\"\u001b[39m\n            \u001b[33mvalue\u001b[39m=\u001b[32m\"Office Building\"\u001b[39m\n          \u001b[36m/>\u001b[39m\n          \u001b[36m<input\u001b[39m\n            \u001b[33mplaceholder\u001b[39m=\u001b[32m\"Password\"\u001b[39m\n            \u001b[33mrequired\u001b[39m=\u001b[32m\"\"\u001b[39m\n            \u001b[33mtype\u001b[39m=\u001b[32m\"password\"\u001b[39m\n            \u001b[33mvalue\u001b[39m=\u001b[32m\"secret123\"\u001b[39m\n          \u001b[36m/>\u001b[39m\n          \u001b[36m<input\u001b[39m\n            \u001b[33maccept\u001b[39m=\u001b[32m\"image/*\"\u001b[39m\n            \u001b[33mrequired\u001b[39m=\u001b[32m\"\"\u001b[39m\n            \u001b[33mtype\u001b[39m=\u001b[32m\"file\"\u001b[39m\n          \u001b[36m/>\u001b[39m\n          \u001b[36m<button\u001b[39m\n            \u001b[33mtype\u001b[39m=\u001b[32m\"submit\"\u001b[39m\n          \u001b[36m>\u001b[39m\n            \u001b[0mAdd Activity\u001b[0m\n          \u001b[36m</button>\u001b[39m\n        \u001b[36m</form>\u001b[39m\n        \u001b[36m<p />\u001b[39m\n      \u001b[36m</div>\u001b[39m\n    \u001b[36m</div>\u001b[39m\n  \u001b[36m</body>\u001b[39m\n\u001b[36m</html>\u001b[39m\n    at Proxy.<anonymous> (file:///home/runner/work/raqeem/raqeem/devices/frontend/node_modules/@vitest/expect/dist/index.js:1396:10)\n    at Proxy.<anonymous> (file:///home/runner/work/raqeem/raqeem/devices/frontend/node_modules/@vitest/expect/dist/index.js:1086:14)\n    at Proxy.methodWrapper (file:///home/runner/work/raqeem/raqeem/devices/frontend/node_modules/chai/index.js:1701:25)\n    at /home/runner/work/raqeem/raqeem/devices/frontend/src/components/ActivityForm.test.jsx:190:40\n    at runWithExpensiveErrorDiagnosticsDisabled (/home/runner/work/raqeem/raqeem/devices/frontend/node_modules/@testing-library/dom/dist/config.js:47:12)\n    at checkCallback (/home/runner/work/raqeem/raqeem/devices/frontend/node_modules/@testing-library/dom/dist/wait-for.js:124:77)\n    at Timeout.checkRealTimersCallback (/home/runner/work/raqeem/raqeem/devices/frontend/node_modules/@testing-library/dom/dist/wait-for.js:118:16)\n    at listOnTimeout (node:internal/timers:581:17)\n    at processTimers (node:internal/timers:519:7)"],"meta":{}},{"ancestorTitles":["ActivityForm Component"],"fullName":"ActivityForm Component clears message on new submission","status":"failed","title":"clears message on new submission","duration":1031.28978,"failureMessages":["Error: Unable to find an element with the text: Activity added successfully. This could be because the text is broken up by multiple elements. In this case, you can provide a function for your text matcher to make your matcher more flexible.\n\nIgnored nodes: comments, script, style\n\u001b[36m<body>\u001b[39m\n  \u001b[36m<div>\u001b[39m\n    \u001b[36m<div>\u001b[39m\n      \u001b[36m<h2>\u001b[39m\n        \u001b[0mUser Activity Submission\u001b[0m\n      \u001b[36m</h2>\u001b[39m\n      \u001b[36m<form>\u001b[39m\n        \u001b[36m<input\u001b[39m\n          \u001b[33mplaceholder\u001b[39m=\u001b[32m\"Location\"\u001b[39m\n          \u001b[33mrequired\u001b[39m=\u001b[32m\"\"\u001b[39m\n          \u001b[33mtype\u001b[39m=\u001b[32m\"text\"\u001b[39m\n          \u001b[33mvalue\u001b[39m=\u001b[32m\"Location 1\"\u001b[39m\n        \u001b[36m/>\u001b[39m\n        \u001b[36m<input\u001b[39m\n          \u001b[33mplaceholder\u001b[39m=\u001b[32m\"Password\"\u001b[39m\n          \u001b[33mrequired\u001b[39m=\u001b[32m\"\"\u001b[39m\n          \u001b[33mtype\u001b[39m=\u001b[32m\"password\"\u001b[39m\n          \u001b[33mvalue\u001b[39m=\u001b[32m\"pass1\"\u001b[39m\n        \u001b[36m/>\u001b[39m\n        \u001b[36m<input\u001b[39m\n          \u001b[33maccept\u001b[39m=\u001b[32m\"image/*\"\u001b[39m\n          \u001b[33mrequired\u001b[39m=\u001b[32m\"\"\u001b[39m\n          \u001b[33mtype\u001b[39m=\u001b[32m\"file\"\u001b[39m\n        \u001b[36m/>\u001b[39m\n        \u001b[36m<button\u001b[39m\n          \u001b[33mtype\u001b[39m=\u001b[32m\"submit\"\u001b[39m\n        \u001b[36m>\u001b[39m\n          \u001b[0mAdd Activity\u001b[0m\n        \u001b[36m</button>\u001b[39m\n      \u001b[36m</form>\u001b[39m\n      \u001b[36m<p />\u001b[39m\n    \u001b[36m</div>\u001b[39m\n  \u001b[36m</div>\u001b[39m\n\u001b[36m</body>\u001b[39m\n    at Proxy.waitForWrapper (/home/runner/work/raqeem/raqeem/devices/frontend/node_modules/@testing-library/dom/dist/wait-for.js:163:27)\n    at /home/runner/work/raqeem/raqeem/devices/frontend/src/components/ActivityForm.test.jsx:218:15\n    at processTicksAndRejections (node:internal/process/task_queues:95:5)\n    at file:///home/runner/work/raqeem/raqeem/devices/frontend/node_modules/@vitest/runner/dist/index.js:753:20"],"meta":{}},{"ancestorTitles":["ActivityForm Component"],"fullName":"ActivityForm Component accepts only image files","status":"passed","title":"accepts only image files","duration":4.098328000000038,"failureMessages":[],"meta":{}},{"ancestorTitles":["ActivityForm Component"],"fullName":"ActivityForm Component prevents default form submission","status":"passed","title":"prevents default form submission","duration":5.609302999999272,"failureMessages":[],"meta":{}}],"startTime":1762343294999,"endTime":1762343300580.6094,"status":"failed","message":"","name":"/home/runner/work/raqeem/raqeem/devices/frontend/src/components/ActivityForm.test.jsx"},{"assertionResults":[{"ancestorTitles":["DeviceSimulator Component"],"fullName":"DeviceSimulator Component renders Device Simulator heading","status":"passed","title":"renders Device Simulator heading","duration":69.86065000000008,"failureMessages":[],"meta":{}},{"ancestorTitles":["DeviceSimulator Component"],"fullName":"DeviceSimulator Component renders device registration form fields","status":"passed","title":"renders device registration form fields","duration":334.2409080000002,"failureMessages":[],"meta":{}},{"ancestorTitles":["DeviceSimulator Component"],"fullName":"DeviceSimulator Component generates device ID automatically","status":"passed","title":"generates device ID automatically","duration":24.146819999999934,"failureMessages":[],"meta":{}},{"ancestorTitles":["DeviceSimulator Component"],"fullName":"DeviceSimulator Component updates device name input","status":"passed","title":"updates device name input","duration":40.15720600000009,"failureMessages":[],"meta":{}},{"ancestorTitles":["DeviceSimulator Component"],"fullName":"DeviceSimulator Component updates device type selection","status":"passed","title":"updates device type selection","duration":19.598637999999937,"failureMessages":[],"meta":{}},{"ancestorTitles":["DeviceSimulator Component"],"fullName":"DeviceSimulator Component updates operating system selection","status":"passed","title":"updates operating system selection","duration":18.22280099999989,"failureMessages":[],"meta":{}},{"ancestorTitles":["DeviceSimulator Component"],"fullName":"DeviceSimulator Component updates current user input","status":"passed","title":"updates current user input","duration":18.923180000000002,"failureMessages":[],"meta":{}},{"ancestorTitles":["DeviceSimulator Component"],"fullName":"DeviceSimulator Component successful device registration","status":"failed","title":"successful device registration","duration":1096.4335500000002,"failureMessages":["AssertionError: expected \"vi.fn()\" to be called with arguments: [ …(2) ]\u001b[90m\n\nReceived: \n\n\u001b[1m  1st vi.fn() call:\n\n\u001b[22m\u001b[33m@@ -1,9 +1,9 @@\u001b[90m\n\u001b[2m  [\u001b[22m\n\u001b[32m-   \"http://localhost:3000/api/v1/devices/register\",\u001b[90m\n\u001b[32m-   ObjectContaining {\u001b[90m\n\u001b[32m-     \"body\": Any<String>,\u001b[90m\n\u001b[31m+   \"undefined/devices/register\",\u001b[90m\n\u001b[31m+   {\u001b[90m\n\u001b[31m+     \"body\": \"{\\\"id\\\":\\\"device-yueskacbs\\\",\\\"name\\\":\\\"laptop-acbs\\\",\\\"type\\\":\\\"laptop\\\",\\\"os\\\":\\\"macOS\\\",\\\"current_user\\\":\\\"simulator-user\\\",\\\"location\\\":\\\"Simulated Location\\\",\\\"ip_address\\\":\\\"192.168.1.48\\\",\\\"mac_address\\\":\\\"2e:f1:3c:3c:f8:8b\\\"}\",\u001b[90m\n\u001b[2m      \"headers\": {\u001b[22m\n\u001b[2m        \"Content-Type\": \"application/json\",\u001b[22m\n\u001b[2m      },\u001b[22m\n\u001b[2m      \"method\": \"POST\",\u001b[22m\n\u001b[2m    },\u001b[22m\n\u001b[39m\u001b[90m\n\nNumber of calls: \u001b[1m1\u001b[22m\n\u001b[39m\n\nIgnored nodes: comments, script, style\n\u001b[36m<html>\u001b[39m\n  \u001b[36m<head />\u001b[39m\n  \u001b[36m<body>\u001b[39m\n    \u001b[36m<div>\u001b[39m\n      \u001b[36m<div\u001b[39m\n        \u001b[33mclass\u001b[39m=\u001b[32m\"simulator\"\u001b[39m\n      \u001b[36m>\u001b[39m\n        \u001b[36m<header\u001b[39m\n          \u001b[33mclass\u001b[39m=\u001b[32m\"simulator-header\"\u001b[39m\n        \u001b[36m>\u001b[39m\n          \u001b[36m<h1>\u001b[39m\n            \u001b[0m🖥️ Device Simulator\u001b[0m\n          \u001b[36m</h1>\u001b[39m\n          \u001b[36m<p>\u001b[39m\n            \u001b[0mSimulate device registration and data transmission\u001b[0m\n          \u001b[36m</p>\u001b[39m\n        \u001b[36m</header>\u001b[39m\n        \u001b[36m<div\u001b[39m\n          \u001b[33mclass\u001b[39m=\u001b[32m\"simulator-content\"\u001b[39m\n        \u001b[36m>\u001b[39m\n          \u001b[36m<div\u001b[39m\n            \u001b[33mclass\u001b[39m=\u001b[32m\"card\"\u001b[39m\n          \u001b[36m>\u001b[39m\n            \u001b[36m<h2>\u001b[39m\n              \u001b[0mDevice Configuration\u001b[0m\n            \u001b[36m</h2>\u001b[39m\n            \u001b[36m<div\u001b[39m\n              \u001b[33mclass\u001b[39m=\u001b[32m\"form-grid\"\u001b[39m\n            \u001b[36m>\u001b[39m\n              \u001b[36m<div\u001b[39m\n                \u001b[33mclass\u001b[39m=\u001b[32m\"form-group\"\u001b[39m\n              \u001b[36m>\u001b[39m\n                \u001b[36m<label>\u001b[39m\n                  \u001b[0mDevice ID\u001b[0m\n                \u001b[36m</label>\u001b[39m\n                \u001b[36m<input\u001b[39m\n                  \u001b[33mdisabled\u001b[39m=\u001b[32m\"\"\u001b[39m\n                  \u001b[33mplaceholder\u001b[39m=\u001b[32m\"device-xxxxx\"\u001b[39m\n                  \u001b[33mtype\u001b[39m=\u001b[32m\"text\"\u001b[39m\n                  \u001b[33mvalue\u001b[39m=\u001b[32m\"device-yueskacbs\"\u001b[39m\n                \u001b[36m/>\u001b[39m\n              \u001b[36m</div>\u001b[39m\n              \u001b[36m<div\u001b[39m\n                \u001b[33mclass\u001b[39m=\u001b[32m\"form-group\"\u001b[39m\n              \u001b[36m>\u001b[39m\n                \u001b[36m<label>\u001b[39m\n                  \u001b[0mDevice Name\u001b[0m\n                \u001b[36m</label>\u001b[39m\n                \u001b[36m<input\u001b[39m\n                  \u001b[33mdisabled\u001b[39m=\u001b[32m\"\"\u001b[39m\n                  \u001b[33mplaceholder\u001b[39m=\u001b[32m\"My Device\"\u001b[39m\n                  \u001b[33mtype\u001b[39m=\u001b[32m\"text\"\u001b[39m\n                  \u001b[33mvalue\u001b[39m=\u001b[32m\"\"\u001b[39m\n                \u001b[36m/>\u001b[39m\n              \u001b[36m</div>\u001b[39m\n              \u001b[36m<div\u001b[39m\n                \u001b[33mclass\u001b[39m=\u001b[32m\"form-group\"\u001b[39m\n              \u001b[36m>\u001b[39m\n                \u001b[36m<label>\u001b[39m\n                  \u001b[0mType\u001b[0m\n                \u001b[36m</label>\u001b[39m\n                \u001b[36m<select\u001b[39m\n                  \u001b[33mdisabled\u001b[39m=\u001b[32m\"\"\u001b[39m\n                \u001b[36m>\u001b[39m\n                  \u001b[36m<option\u001b[39m\n                    \u001b[33mvalue\u001b[39m=\u001b[32m\"laptop\"\u001b[39m\n                  \u001b[36m>\u001b[39m\n                    \u001b[0mLaptop\u001b[0m\n                  \u001b[36m</option>\u001b[39m\n                  \u001b[36m<option\u001b[39m\n                    \u001b[33mvalue\u001b[39m=\u001b[32m\"desktop\"\u001b[39m\n                  \u001b[36m>\u001b[39m\n                    \u001b[0mDesktop\u001b[0m\n                  \u001b[36m</option>\u001b[39m\n                  \u001b[36m<option\u001b[39m\n                    \u001b[33mvalue\u001b[39m=\u001b[32m\"mobile\"\u001b[39m\n                  \u001b[36m>\u001b[39m\n                    \u001b[0mMobile\u001b[0m\n                  \u001b[36m</option>\u001b[39m\n                  \u001b[36m<option\u001b[39m\n                    \u001b[33mvalue\u001b[39m=\u001b[32m\"tablet\"\u001b[39m\n                  \u001b[36m>\u001b[39m\n                    \u001b[0mTablet\u001b[0m\n                  \u001b[36m</option>\u001b[39m\n                \u001b[36m</select>\u001b[39m\n              \u001b[36m</div>\u001b[39m\n              \u001b[36m<div\u001b[39m\n                \u001b[33mclass\u001b[39m=\u001b[32m\"form-group\"\u001b[39m\n              \u001b[36m>\u001b[39m\n                \u001b[36m<label>\u001b[39m\n                  \u001b[0mOperating System\u001b[0m\n                \u001b[36m</label>\u001b[39m\n                \u001b[36m<select\u001b[39m\n                  \u001b[33mdisabled\u001b[39m=\u001b[32m\"\"\u001b[39m\n                \u001b[36m>\u001b[39m\n                  \u001b[36m<option\u001b[39m\n                    \u001b[33mvalue\u001b[39m=\u001b[32m\"macOS\"\u001b[39m\n                  \u001b[36m>\u001b[39m\n                    \u001b[0mmacOS\u001b[0m\n                  \u001b[36m</option>\u001b[39m\n                  \u001b[36m<option\u001b[39m\n                    \u001b[33mvalue\u001b[39m=\u001b[32m\"Windows\"\u001b[39m\n                  \u001b[36m>\u001b[39m\n                    \u001b[0mWindows\u001b[0m\n                  \u001b[36m</option>\u001b[39m\n                  \u001b[36m<option\u001b[39m\n                    \u001b[33mvalue\u001b[39m=\u001b[32m\"Linux\"\u001b[39m\n                  \u001b[36m>\u001b[39m\n                    \u001b[0mLinux\u001b[0m\n                  \u001b[36m</option>\u001b[39m\n                  \u001b[36m<option\u001b[39m\n                    \u001b[33mvalue\u001b[39m=\u001b[32m\"iOS\"\u001b[39m\n                  \u001b[36m>\u001b[39m\n                    \u001b[0miOS\u001b[0m\n                  \u001b[36m</option>\u001b[39m\n                  \u001b[36m<option\u001b[39m\n                    \u001b[33mvalue\u001b[39m=\u001b[32m\"Android\"\u001b[39m\n                  \u001b[36m>\u001b[39m\n                    \u001b[0mAndroid\u001b[0m\n                  \u001b[36m</option>\u001b[39m\n                \u001b[36m</select>\u001b[39m\n              \u001b[36m</div>\u001b[39m\n              \u001b[36m<div\u001b[39m\n                \u001b[33mclass\u001b[39m=\u001b[32m\"form-group\"\u001b[39m\n              \u001b[36m>\u001b[39m\n                \u001b[36m<label>\u001b[39m\n                  \u001b[0mCurrent User\u001b[0m\n                \u001b[36m</label>\u001b[39m\n                \u001b[36m<input\u001b[39m\n                  \u001b[33mdisabled\u001b[39m=\u001b[32m\"\"\u001b[39m\n                  \u001b[33mplaceholder\u001b[39m=\u001b[32m\"simulator-user\"\u001b[39m\n                  \u001b[33mtype\u001b[39m=\u001b[32m\"text\"\u001b[39m\n                  \u001b[33mvalue\u001b[39m=\u001b[32m\"\"\u001b[39m\n                \u001b[36m/>\u001b[39m\n              \u001b[36m</div>\u001b[39m\n            \u001b[36m</div>\u001b[39m\n            \u001b[36m<div\u001b[39m\n              \u001b[33mclass\u001b[39m=\u001b[32m\"button-group\"\u001b[39m\n            \u001b[36m>\u001b[39m\n              \u001b[36m<button\u001b[39m\n                \u001b[33mclass\u001b[39m=\u001b[32m\"btn btn-secondary\"\u001b[39m\n                \u001b[33mdisabled\u001b[39m=\u001b[32m\"\"\u001b[39m\n              \u001b[36m>\u001b[39m\n                \u001b[0m✓ Device Registered\u001b[0m\n              \u001b[36m</button>\u001b[39m\n              \u001b[36m<button\u001b[39m\n                \u001b[33mclass\u001b[39m=\u001b[32m\"btn btn-outline\"\u001b[39m\n              \u001b[36m>\u001b[39m\n                \u001b[0mReset\u001b[0m\n              \u001b[36m</button>\u001b[39m\n            \u001b[36m</div>\u001b[39m\n          \u001b[36m</div>\u001b[39m\n          \u001b[36m<div\u001b[39m\n            \u001b[33mclass\u001b[39m=\u001b[32m\"card\"\u001b[39m\n          \u001b[36m>\u001b[39m\n            \u001b[36m<h2>\u001b[39m\n              \u001b[0mSimulation Controls\u001b[0m\n            \u001b[36m</h2>\u001b[39m\n            \u001b[36m<div\u001b[39m\n              \u001b[33mclass\u001b[39m=\u001b[32m\"button-group\"\u001b[39m\n            \u001b[36m>\u001b[39m\n              \u001b[36m<button\u001b[39m\n                \u001b[33mclass\u001b[39m=\u001b[32m\"btn btn-success\"\u001b[39m\n              \u001b[36m>\u001b[39m\n                \u001b[0m▶️ Start Auto Simulation\u001b[0m\n              \u001b[36m</button>\u001b[39m\n            \u001b[36m</div>\u001b[39m\n            \u001b[36m<div\u001b[39m\n              \u001b[33mclass\u001b[39m=\u001b[32m\"manual-controls\"\u001b[39m\n            \u001b[36m>\u001b[39m\n              \u001b[36m<h3>\u001b[39m\n                \u001b[0mManual Actions\u001b[0m\n              \u001b[36m</h3>\u001b[39m\n              \u001b[36m<div\u001b[39m\n                \u001b[33mclass\u001b[39m=\u001b[32m\"button-group\"\u001b[39m\n              \u001b[36m>\u001b[39m\n                \u001b[36m<button\u001b[39m\n                  \u001b[33mclass\u001b[39m=\u001b[32m\"btn btn-small\"\u001b[39m\n                \u001b[36m>\u001b[39m\n                  \u001b[0m📊 Send Metrics\u001b[0m\n                \u001b[36m</button>\u001b[39m\n                \u001b[36m<button\u001b[39m\n                  \u001b[33mclass\u001b[39m=\u001b[32m\"btn btn-small\"\u001b[39m\n                \u001b[36m>\u001b[39m\n                  \u001b[0m📝 Send Activities\u001b[0m\n                \u001b[36m</button>\u001b[39m\n                \u001b[36m<button\u001b[39m\n                  \u001b[33mclass\u001b[39m=\u001b[32m\"btn btn-small\"\u001b[39m\n                \u001b[36m>\u001b[39m\n                  \u001b[0m⚠️ Send Alert\u001b[0m\n                \u001b[36m</button>\u001b[39m\n                \u001b[36m<button\u001b[39m\n                  \u001b[33mclass\u001b[39m=\u001b[32m\"btn btn-small\"\u001b[39m\n                \u001b[36m>\u001b[39m\n                  \u001b[0m📸 Send Screenshot\u001b[0m\n                \u001b[36m</button>\u001b[39m\n              \u001b[36m</div>\u001b[39m\n            \u001b[36m</div>\u001b[39m\n          \u001b[36m</div>\u001b[39m\n          \u001b[36m<div\u001b[39m\n            \u001b[33mclass\u001b[39m=\u001b[32m\"card stats-card\"\u001b[39m\n          \u001b[36m>\u001b[39m\n            \u001b[36m<h2>\u001b[39m\n              \u001b[0mStatistics\u001b[0m\n            \u001b[36m</h2>\u001b[39m\n            \u001b[36m<div\u001b[39m\n              \u001b[33mclass\u001b[39m=\u001b[32m\"stats-grid\"\u001b[39m\n            \u001b[36m>\u001b[39m\n              \u001b[36m<div\u001b[39m\n                \u001b[33mclass\u001b[39m=\u001b[32m\"stat\"\u001b[39m\n              \u001b[36m>\u001b[39m\n                \u001b[36m<div\u001b[39m\n                  \u001b[33mclass\u001b[39m=\u001b[32m\"stat-value\"\u001b[39m\n                \u001b[36m>\u001b[39m\n                  \u001b[0m0\u001b[0m\n                \u001b[36m</div>\u001b[39m\n                \u001b[36m<div\u001b[39m\n                  \u001b[33mclass\u001b[39m=\u001b[32m\"stat-label\"\u001b[39m\n                \u001b[36m>\u001b[39m\n                  \u001b[0mMetrics Sent\u001b[0m\n                \u001b[36m</div>\u001b[39m\n              \u001b[36m</div>\u001b[39m\n              \u001b[36m<div\u001b[39m\n                \u001b[33mclass\u001b[39m=\u001b[32m\"stat\"\u001b[39m\n              \u001b[36m>\u001b[39m\n                \u001b[36m<div\u001b[39m\n                  \u001b[33mclass\u001b[39m=\u001b[32m\"stat-value\"\u001b[39m\n                \u001b[36m>\u001b[39m\n                  \u001b[0m0\u001b[0m\n                \u001b[36m</div>\u001b[39m\n                \u001b[36m<div\u001b[39m\n                  \u001b[33mclass\u001b[39m=\u001b[32m\"stat-label\"\u001b[39m\n                \u001b[36m>\u001b[39m\n                  \u001b[0mActivities Sent\u001b[0m\n                \u001b[36m</div>\u001b[39m\n              \u001b[36m</div>\u001b[39m\n              \u001b[36m<div\u001b[39m\n                \u001b[33mclass\u001b[39m=\u001b[32m\"stat\"\u001b[39m\n              \u001b[36m>\u001b[39m\n                \u001b[36m<div\u001b[39m\n                  \u001b[33mclass\u001b[39m=\u001b[32m\"stat-value\"\u001b[39m\n                \u001b[36m>\u001b[39m\n                  \u001b[0m0\u001b[0m\n                \u001b[36m</div>\u001b[39m\n                \u001b[36m<div\u001b[39m\n                  \u001b[33mclass\u001b[39m=\u001b[32m\"stat-label\"\u001b[39m\n                \u001b[36m>\u001b[39m\n                  \u001b[0mAlerts Sent\u001b[0m\n                \u001b[36m</div>\u001b[39m\n              \u001b[36m</div>\u001b[39m\n              \u001b[36m<div\u001b[39m\n                \u001b[33mclass\u001b[39m=\u001b[32m\"stat\"\u001b[39m\n              \u001b[36m>\u001b[39m\n                \u001b[36m<div\u001b[39m\n                  \u001b[33mclass\u001b[39m=\u001b[32m\"stat-value\"\u001b[39m\n                \u001b[36m>\u001b[39m\n                  \u001b[0m0\u001b[0m\n                \u001b[36m</div>\u001b[39m\n                \u001b[36m<div\u001b[39m\n                  \u001b[33mclass\u001b[39m=\u001b[32m\"stat-label\"\u001b[39m\n                \u001b[36m>\u001b[39m\n                  \u001b[0mScreenshots Sent\u001b[0m\n                \u001b[36m</div>\u001b[39m\n              \u001b[36m</div>\u001b[39m\n              \u001b[36m<div\u001b[39m\n                \u001b[33mclass\u001b[39m=\u001b[32m\"stat\"\u001b[39m\n              \u001b[36m>\u001b[39m\n                \u001b[36m<div\u001b[39m\n                  \u001b[33mclass\u001b[39m=\u001b[32m\"stat-value\"\u001b[39m\n                \u001b[36m>\u001b[39m\n                  \u001b[0m0\u001b[0m\n                \u001b[36m</div>\u001b[39m\n                \u001b[36m<div\u001b[39m\n                  \u001b[33mclass\u001b[39m=\u001b[32m\"stat-label\"\u001b[39m\n                \u001b[36m>\u001b[39m\n                  \u001b[0mProcesses Sent\u001b[0m\n                \u001b[36m</div>\u001b[39m\n              \u001b[36m</div>\u001b[39m\n            \u001b[36m</div>\u001b[39m\n          \u001b[36m</div>\u001b[39m\n          \u001b[36m<div\u001b[39m\n            \u001b[33mclass\u001b[39m=\u001b[32m\"card logs-card\"\u001b[39m\n          \u001b[36m>\u001b[39m\n            \u001b[36m<h2>\u001b[39m\n              \u001b[0mActivity Logs\u001b[0m\n            \u001b[36m</h2>\u001b[39m\n            \u001b[36m<div\u001b[39m\n              \u001b[33mclass\u001b[39m=\u001b[32m\"logs\"\u001b[39m\n            \u001b[36m>\u001b[39m\n              \u001b[36m<div\u001b[39m\n                \u001b[33mclass\u001b[39m=\u001b[32m\"log-entry log-success\"\u001b[39m\n              \u001b[36m>\u001b[39m\n                \u001b[36m<span\u001b[39m\n                  \u001b[33mclass\u001b[39m=\u001b[32m\"log-time\"\u001b[39m\n                \u001b[36m>\u001b[39m\n                  \u001b[0m11:48:15 AM\u001b[0m\n                \u001b[36m</span>\u001b[39m\n                \u001b[36m<span\u001b[39m\n                  \u001b[33mclass\u001b[39m=\u001b[32m\"log-message\"\u001b[39m\n                \u001b[36m>\u001b[39m\n                  \u001b[0m✓ Device registered successfully\u001b[0m\n                \u001b[36m</span>\u001b[39m\n              \u001b[36m</div>\u001b[39m\n            \u001b[36m</div>\u001b[39m\n          \u001b[36m</div>\u001b[39m\n        \u001b[36m</div>\u001b[39m\n      \u001b[36m</div>\u001b[39m\n    \u001b[36m</div>\u001b[39m\n  \u001b[36m</body>\u001b[39m\n\u001b[36m</html>\u001b[39m\n    at Proxy.<anonymous> (file:///home/runner/work/raqeem/raqeem/devices/frontend/node_modules/@vitest/expect/dist/index.js:1416:10)\n    at Proxy.<anonymous> (file:///home/runner/work/raqeem/raqeem/devices/frontend/node_modules/@vitest/expect/dist/index.js:1086:14)\n    at Proxy.methodWrapper (file:///home/runner/work/raqeem/raqeem/devices/frontend/node_modules/chai/index.js:1701:25)\n    at /home/runner/work/raqeem/raqeem/devices/frontend/src/components/DeviceSimulator.test.jsx:106:27\n    at runWithExpensiveErrorDiagnosticsDisabled (/home/runner/work/raqeem/raqeem/devices/frontend/node_modules/@testing-library/dom/dist/config.js:47:12)\n    at checkCallback (/home/runner/work/raqeem/raqeem/devices/frontend/node_modules/@testing-library/dom/dist/wait-for.js:124:77)\n    at Timeout.checkRealTimersCallback (/home/runner/work/raqeem/raqeem/devices/frontend/node_modules/@testing-library/dom/dist/wait-for.js:118:16)\n    at listOnTimeout (node:internal/timers:581:17)\n    at processTimers (node:internal/timers:519:7)"],"meta":{}},{"ancestorTitles":["DeviceSimulator Component"],"fullName":"DeviceSimulator Component device registration with custom fields","status":"passed","title":"device registration with custom fields","duration":75.62499399999979,"failureMessages":[],"meta":{}},{"ancestorTitles":["DeviceSimulator Component"],"fullName":"DeviceSimulator Component handles registration error","status":"failed","title":"handles registration error","duration":1060.8385750000002,"failureMessages":["AssertionError: expected \"error\" to be called at least once\n\nIgnored nodes: comments, script, style\n\u001b[36m<html>\u001b[39m\n  \u001b[36m<head />\u001b[39m\n  \u001b[36m<body>\u001b[39m\n    \u001b[36m<div>\u001b[39m\n      \u001b[36m<div\u001b[39m\n        \u001b[33mclass\u001b[39m=\u001b[32m\"simulator\"\u001b[39m\n      \u001b[36m>\u001b[39m\n        \u001b[36m<header\u001b[39m\n          \u001b[33mclass\u001b[39m=\u001b[32m\"simulator-header\"\u001b[39m\n        \u001b[36m>\u001b[39m\n          \u001b[36m<h1>\u001b[39m\n            \u001b[0m🖥️ Device Simulator\u001b[0m\n          \u001b[36m</h1>\u001b[39m\n          \u001b[36m<p>\u001b[39m\n            \u001b[0mSimulate device registration and data transmission\u001b[0m\n          \u001b[36m</p>\u001b[39m\n        \u001b[36m</header>\u001b[39m\n        \u001b[36m<div\u001b[39m\n          \u001b[33mclass\u001b[39m=\u001b[32m\"simulator-content\"\u001b[39m\n        \u001b[36m>\u001b[39m\n          \u001b[36m<div\u001b[39m\n            \u001b[33mclass\u001b[39m=\u001b[32m\"card\"\u001b[39m\n          \u001b[36m>\u001b[39m\n            \u001b[36m<h2>\u001b[39m\n              \u001b[0mDevice Configuration\u001b[0m\n            \u001b[36m</h2>\u001b[39m\n            \u001b[36m<div\u001b[39m\n              \u001b[33mclass\u001b[39m=\u001b[32m\"form-grid\"\u001b[39m\n            \u001b[36m>\u001b[39m\n              \u001b[36m<div\u001b[39m\n                \u001b[33mclass\u001b[39m=\u001b[32m\"form-group\"\u001b[39m\n              \u001b[36m>\u001b[39m\n                \u001b[36m<label>\u001b[39m\n                  \u001b[0mDevice ID\u001b[0m\n                \u001b[36m</label>\u001b[39m\n                \u001b[36m<input\u001b[39m\n                  \u001b[33mplaceholder\u001b[39m=\u001b[32m\"device-xxxxx\"\u001b[39m\n                  \u001b[33mtype\u001b[39m=\u001b[32m\"text\"\u001b[39m\n                  \u001b[33mvalue\u001b[39m=\u001b[32m\"device-tg9sbn0ti\"\u001b[39m\n                \u001b[36m/>\u001b[39m\n              \u001b[36m</div>\u001b[39m\n              \u001b[36m<div\u001b[39m\n                \u001b[33mclass\u001b[39m=\u001b[32m\"form-group\"\u001b[39m\n              \u001b[36m>\u001b[39m\n                \u001b[36m<label>\u001b[39m\n                  \u001b[0mDevice Name\u001b[0m\n                \u001b[36m</label>\u001b[39m\n                \u001b[36m<input\u001b[39m\n                  \u001b[33mplaceholder\u001b[39m=\u001b[32m\"My Device\"\u001b[39m\n                  \u001b[33mtype\u001b[39m=\u001b[32m\"text\"\u001b[39m\n                  \u001b[33mvalue\u001b[39m=\u001b[32m\"\"\u001b[39m\n                \u001b[36m/>\u001b[39m\n              \u001b[36m</div>\u001b[39m\n              \u001b[36m<div\u001b[39m\n                \u001b[33mclass\u001b[39m=\u001b[32m\"form-group\"\u001b[39m\n              \u001b[36m>\u001b[39m\n                \u001b[36m<label>\u001b[39m\n                  \u001b[0mType\u001b[0m\n                \u001b[36m</label>\u001b[39m\n                \u001b[36m<select>\u001b[39m\n                  \u001b[36m<option\u001b[39m\n                    \u001b[33mvalue\u001b[39m=\u001b[32m\"laptop\"\u001b[39m\n                  \u001b[36m>\u001b[39m\n                    \u001b[0mLaptop\u001b[0m\n                  \u001b[36m</option>\u001b[39m\n                  \u001b[36m<option\u001b[39m\n                    \u001b[33mvalue\u001b[39m=\u001b[32m\"desktop\"\u001b[39m\n                  \u001b[36m>\u001b[39m\n                    \u001b[0mDesktop\u001b[0m\n                  \u001b[36m</option>\u001b[39m\n                  \u001b[36m<option\u001b[39m\n                    \u001b[33mvalue\u001b[39m=\u001b[32m\"mobile\"\u001b[39m\n                  \u001b[36m>\u001b[39m\n                    \u001b[0mMobile\u001b[0m\n                  \u001b[36m</option>\u001b[39m\n                  \u001b[36m<option\u001b[39m\n                    \u001b[33mvalue\u001b[39m=\u001b[32m\"tablet\"\u001b[39m\n                  \u001b[36m>\u001b[39m\n                    \u001b[0mTablet\u001b[0m\n                  \u001b[36m</option>\u001b[39m\n                \u001b[36m</select>\u001b[39m\n              \u001b[36m</div>\u001b[39m\n              \u001b[36m<div\u001b[39m\n                \u001b[33mclass\u001b[39m=\u001b[32m\"form-group\"\u001b[39m\n              \u001b[36m>\u001b[39m\n                \u001b[36m<label>\u001b[39m\n                  \u001b[0mOperating System\u001b[0m\n                \u001b[36m</label>\u001b[39m\n                \u001b[36m<select>\u001b[39m\n                  \u001b[36m<option\u001b[39m\n                    \u001b[33mvalue\u001b[39m=\u001b[32m\"macOS\"\u001b[39m\n                  \u001b[36m>\u001b[39m\n                    \u001b[0mmacOS\u001b[0m\n                  \u001b[36m</option>\u001b[39m\n                  \u001b[36m<option\u001b[39m\n                    \u001b[33mvalue\u001b[39m=\u001b[32m\"Windows\"\u001b[39m\n                  \u001b[36m>\u001b[39m\n                    \u001b[0mWindows\u001b[0m\n                  \u001b[36m</option>\u001b[39m\n                  \u001b[36m<option\u001b[39m\n                    \u001b[33mvalue\u001b[39m=\u001b[32m\"Linux\"\u001b[39m\n                  \u001b[36m>\u001b[39m\n                    \u001b[0mLinux\u001b[0m\n                  \u001b[36m</option>\u001b[39m\n                  \u001b[36m<option\u001b[39m\n                    \u001b[33mvalue\u001b[39m=\u001b[32m\"iOS\"\u001b[39m\n                  \u001b[36m>\u001b[39m\n                    \u001b[0miOS\u001b[0m\n                  \u001b[36m</option>\u001b[39m\n                  \u001b[36m<option\u001b[39m\n                    \u001b[33mvalue\u001b[39m=\u001b[32m\"Android\"\u001b[39m\n                  \u001b[36m>\u001b[39m\n                    \u001b[0mAndroid\u001b[0m\n                  \u001b[36m</option>\u001b[39m\n                \u001b[36m</select>\u001b[39m\n              \u001b[36m</div>\u001b[39m\n              \u001b[36m<div\u001b[39m\n                \u001b[33mclass\u001b[39m=\u001b[32m\"form-group\"\u001b[39m\n              \u001b[36m>\u001b[39m\n                \u001b[36m<label>\u001b[39m\n                  \u001b[0mCurrent User\u001b[0m\n                \u001b[36m</label>\u001b[39m\n                \u001b[36m<input\u001b[39m\n                  \u001b[33mplaceholder\u001b[39m=\u001b[32m\"simulator-user\"\u001b[39m\n                  \u001b[33mtype\u001b[39m=\u001b[32m\"text\"\u001b[39m\n                  \u001b[33mvalue\u001b[39m=\u001b[32m\"\"\u001b[39m\n                \u001b[36m/>\u001b[39m\n              \u001b[36m</div>\u001b[39m\n            \u001b[36m</div>\u001b[39m\n            \u001b[36m<div\u001b[39m\n              \u001b[33mclass\u001b[39m=\u001b[32m\"button-group\"\u001b[39m\n            \u001b[36m>\u001b[39m\n              \u001b[36m<button\u001b[39m\n                \u001b[33mclass\u001b[39m=\u001b[32m\"btn btn-primary\"\u001b[39m\n              \u001b[36m>\u001b[39m\n                \u001b[0mRegister Device\u001b[0m\n              \u001b[36m</button>\u001b[39m\n              \u001b[36m<button\u001b[39m\n                \u001b[33mclass\u001b[39m=\u001b[32m\"btn btn-outline\"\u001b[39m\n              \u001b[36m>\u001b[39m\n                \u001b[0mReset\u001b[0m\n              \u001b[36m</button>\u001b[39m\n            \u001b[36m</div>\u001b[39m\n          \u001b[36m</div>\u001b[39m\n          \u001b[36m<div\u001b[39m\n            \u001b[33mclass\u001b[39m=\u001b[32m\"card\"\u001b[39m\n          \u001b[36m>\u001b[39m\n            \u001b[36m<h2>\u001b[39m\n              \u001b[0mSimulation Controls\u001b[0m\n            \u001b[36m</h2>\u001b[39m\n            \u001b[36m<div\u001b[39m\n              \u001b[33mclass\u001b[39m=\u001b[32m\"button-group\"\u001b[39m\n            \u001b[36m>\u001b[39m\n              \u001b[36m<button\u001b[39m\n                \u001b[33mclass\u001b[39m=\u001b[32m\"btn btn-success\"\u001b[39m\n                \u001b[33mdisabled\u001b[39m=\u001b[32m\"\"\u001b[39m\n              \u001b[36m>\u001b[39m\n                \u001b[0m▶️ Start Auto Simulation\u001b[0m\n              \u001b[36m</button>\u001b[39m\n            \u001b[36m</div>\u001b[39m\n            \u001b[36m<div\u001b[39m\n              \u001b[33mclass\u001b[39m=\u001b[32m\"manual-controls\"\u001b[39m\n            \u001b[36m>\u001b[39m\n              \u001b[36m<h3>\u001b[39m\n                \u001b[0mManual Actions\u001b[0m\n              \u001b[36m</h3>\u001b[39m\n              \u001b[36m<div\u001b[39m\n                \u001b[33mclass\u001b[39m=\u001b[32m\"button-group\"\u001b[39m\n              \u001b[36m>\u001b[39m\n                \u001b[36m<button\u001b[39m\n                  \u001b[33mclass\u001b[39m=\u001b[32m\"btn btn-small\"\u001b[39m\n                  \u001b[33mdisabled\u001b[39m=\u001b[32m\"\"\u001b[39m\n                \u001b[36m>\u001b[39m\n                  \u001b[0m📊 Send Metrics\u001b[0m\n                \u001b[36m</button>\u001b[39m\n                \u001b[36m<button\u001b[39m\n                  \u001b[33mclass\u001b[39m=\u001b[32m\"btn btn-small\"\u001b[39m\n                  \u001b[33mdisabled\u001b[39m=\u001b[32m\"\"\u001b[39m\n                \u001b[36m>\u001b[39m\n                  \u001b[0m📝 Send Activities\u001b[0m\n                \u001b[36m</button>\u001b[39m\n                \u001b[36m<button\u001b[39m\n                  \u001b[33mclass\u001b[39m=\u001b[32m\"btn btn-small\"\u001b[39m\n                  \u001b[33mdisabled\u001b[39m=\u001b[32m\"\"\u001b[39m\n                \u001b[36m>\u001b[39m\n                  \u001b[0m⚠️ Send Alert\u001b[0m\n                \u001b[36m</button>\u001b[39m\n                \u001b[36m<button\u001b[39m\n                  \u001b[33mclass\u001b[39m=\u001b[32m\"btn btn-small\"\u001b[39m\n                  \u001b[33mdisabled\u001b[39m=\u001b[32m\"\"\u001b[39m\n                \u001b[36m>\u001b[39m\n                  \u001b[0m📸 Send Screenshot\u001b[0m\n                \u001b[36m</button>\u001b[39m\n              \u001b[36m</div>\u001b[39m\n            \u001b[36m</div>\u001b[39m\n          \u001b[36m</div>\u001b[39m\n          \u001b[36m<div\u001b[39m\n            \u001b[33mclass\u001b[39m=\u001b[32m\"card stats-card\"\u001b[39m\n          \u001b[36m>\u001b[39m\n            \u001b[36m<h2>\u001b[39m\n              \u001b[0mStatistics\u001b[0m\n            \u001b[36m</h2>\u001b[39m\n            \u001b[36m<div\u001b[39m\n              \u001b[33mclass\u001b[39m=\u001b[32m\"stats-grid\"\u001b[39m\n            \u001b[36m>\u001b[39m\n              \u001b[36m<div\u001b[39m\n                \u001b[33mclass\u001b[39m=\u001b[32m\"stat\"\u001b[39m\n              \u001b[36m>\u001b[39m\n                \u001b[36m<div\u001b[39m\n                  \u001b[33mclass\u001b[39m=\u001b[32m\"stat-value\"\u001b[39m\n                \u001b[36m>\u001b[39m\n                  \u001b[0m0\u001b[0m\n                \u001b[36m</div>\u001b[39m\n                \u001b[36m<div\u001b[39m\n                  \u001b[33mclass\u001b[39m=\u001b[32m\"stat-label\"\u001b[39m\n                \u001b[36m>\u001b[39m\n                  \u001b[0mMetrics Sent\u001b[0m\n                \u001b[36m</div>\u001b[39m\n              \u001b[36m</div>\u001b[39m\n              \u001b[36m<div\u001b[39m\n                \u001b[33mclass\u001b[39m=\u001b[32m\"stat\"\u001b[39m\n              \u001b[36m>\u001b[39m\n                \u001b[36m<div\u001b[39m\n                  \u001b[33mclass\u001b[39m=\u001b[32m\"stat-value\"\u001b[39m\n                \u001b[36m>\u001b[39m\n                  \u001b[0m0\u001b[0m\n                \u001b[36m</div>\u001b[39m\n                \u001b[36m<div\u001b[39m\n                  \u001b[33mclass\u001b[39m=\u001b[32m\"stat-label\"\u001b[39m\n                \u001b[36m>\u001b[39m\n                  \u001b[0mActivities Sent\u001b[0m\n                \u001b[36m</div>\u001b[39m\n              \u001b[36m</div>\u001b[39m\n              \u001b[36m<div\u001b[39m\n                \u001b[33mclass\u001b[39m=\u001b[32m\"stat\"\u001b[39m\n              \u001b[36m>\u001b[39m\n                \u001b[36m<div\u001b[39m\n                  \u001b[33mclass\u001b[39m=\u001b[32m\"stat-value\"\u001b[39m\n                \u001b[36m>\u001b[39m\n                  \u001b[0m0\u001b[0m\n                \u001b[36m</div>\u001b[39m\n                \u001b[36m<div\u001b[39m\n                  \u001b[33mclass\u001b[39m=\u001b[32m\"stat-label\"\u001b[39m\n                \u001b[36m>\u001b[39m\n                  \u001b[0mAlerts Sent\u001b[0m\n                \u001b[36m</div>\u001b[39m\n              \u001b[36m</div>\u001b[39m\n              \u001b[36m<div\u001b[39m\n                \u001b[33mclass\u001b[39m=\u001b[32m\"stat\"\u001b[39m\n              \u001b[36m>\u001b[39m\n                \u001b[36m<div\u001b[39m\n                  \u001b[33mclass\u001b[39m=\u001b[32m\"stat-value\"\u001b[39m\n                \u001b[36m>\u001b[39m\n                  \u001b[0m0\u001b[0m\n                \u001b[36m</div>\u001b[39m\n                \u001b[36m<div\u001b[39m\n                  \u001b[33mclass\u001b[39m=\u001b[32m\"stat-label\"\u001b[39m\n                \u001b[36m>\u001b[39m\n                  \u001b[0mScreenshots Sent\u001b[0m\n                \u001b[36m</div>\u001b[39m\n              \u001b[36m</div>\u001b[39m\n              \u001b[36m<div\u001b[39m\n                \u001b[33mclass\u001b[39m=\u001b[32m\"stat\"\u001b[39m\n              \u001b[36m>\u001b[39m\n                \u001b[36m<div\u001b[39m\n                  \u001b[33mclass\u001b[39m=\u001b[32m\"stat-value\"\u001b[39m\n                \u001b[36m>\u001b[39m\n                  \u001b[0m0\u001b[0m\n                \u001b[36m</div>\u001b[39m\n                \u001b[36m<div\u001b[39m\n                  \u001b[33mclass\u001b[39m=\u001b[32m\"stat-label\"\u001b[39m\n                \u001b[36m>\u001b[39m\n                  \u001b[0mProcesses Sent\u001b[0m\n                \u001b[36m</div>\u001b[39m\n              \u001b[36m</div>\u001b[39m\n            \u001b[36m</div>\u001b[39m\n          \u001b[36m</div>\u001b[39m\n          \u001b[36m<div\u001b[39m\n            \u001b[33mclass\u001b[39m=\u001b[32m\"card logs-card\"\u001b[39m\n          \u001b[36m>\u001b[39m\n            \u001b[36m<h2>\u001b[39m\n              \u001b[0mActivity Logs\u001b[0m\n            \u001b[36m</h2>\u001b[39m\n            \u001b[36m<div\u001b[39m\n              \u001b[33mclass\u001b[39m=\u001b[32m\"logs\"\u001b[39m\n            \u001b[36m>\u001b[39m\n              \u001b[36m<div\u001b[39m\n                \u001b[33mclass\u001b[39m=\u001b[32m\"log-entry log-error\"\u001b[39m\n              \u001b[36m>\u001b[39m\n                \u001b[36m<span\u001b[39m\n                  \u001b[33mclass\u001b[39m=\u001b[32m\"log-time\"\u001b[39m\n                \u001b[36m>\u001b[39m\n                  \u001b[0m11:48:16 AM\u001b[0m\n                \u001b[36m</span>\u001b[39m\n                \u001b[36m<span\u001b[39m\n                  \u001b[33mclass\u001b[39m=\u001b[32m\"log-message\"\u001b[39m\n                \u001b[36m>\u001b[39m\n                  \u001b[0m✗ Error: Network error\u001b[0m\n                \u001b[36m</span>\u001b[39m\n              \u001b[36m</div>\u001b[39m\n            \u001b[36m</div>\u001b[39m\n          \u001b[36m</div>\u001b[39m\n        \u001b[36m</div>\u001b[39m\n      \u001b[36m</div>\u001b[39m\n    \u001b[36m</div>\u001b[39m\n  \u001b[36m</body>\u001b[39m\n\u001b[36m</html>\u001b[39m\n    at Proxy.<anonymous> (file:///home/runner/work/raqeem/raqeem/devices/frontend/node_modules/@vitest/expect/dist/index.js:1396:10)\n    at Proxy.<anonymous> (file:///home/runner/work/raqeem/raqeem/devices/frontend/node_modules/@vitest/expect/dist/index.js:1086:14)\n    at Proxy.methodWrapper (file:///home/runner/work/raqeem/raqeem/devices/frontend/node_modules/chai/index.js:1701:25)\n    at /home/runner/work/raqeem/raqeem/devices/frontend/src/components/DeviceSimulator.test.jsx:164:34\n    at runWithExpensiveErrorDiagnosticsDisabled (/home/runner/work/raqeem/raqeem/devices/frontend/node_modules/@testing-library/dom/dist/config.js:47:12)\n    at checkCallback (/home/runner/work/raqeem/raqeem/devices/frontend/node_modules/@testing-library/dom/dist/wait-for.js:124:77)\n    at Timeout.checkRealTimersCallback (/home/runner/work/raqeem/raqeem/devices/frontend/node_modules/@testing-library/dom/dist/wait-for.js:118:16)\n    at listOnTimeout (node:internal/timers:581:17)\n    at processTimers (node:internal/timers:519:7)"],"meta":{}},{"ancestorTitles":["DeviceSimulator Component"],"fullName":"DeviceSimulator Component starts and stops simulation","status":"failed","title":"starts and stops simulation","duration":1055.481081,"failureMessages":["Error: Unable to find role=\"button\" and name `/start simulation/i`\n\nIgnored nodes: comments, script, style\n\u001b[36m<body>\u001b[39m\n  \u001b[36m<div>\u001b[39m\n    \u001b[36m<div\u001b[39m\n      \u001b[33mclass\u001b[39m=\u001b[32m\"simulator\"\u001b[39m\n    \u001b[36m>\u001b[39m\n      \u001b[36m<header\u001b[39m\n        \u001b[33mclass\u001b[39m=\u001b[32m\"simulator-header\"\u001b[39m\n      \u001b[36m>\u001b[39m\n        \u001b[36m<h1>\u001b[39m\n          \u001b[0m🖥️ Device Simulator\u001b[0m\n        \u001b[36m</h1>\u001b[39m\n        \u001b[36m<p>\u001b[39m\n          \u001b[0mSimulate device registration and data transmission\u001b[0m\n        \u001b[36m</p>\u001b[39m\n      \u001b[36m</header>\u001b[39m\n      \u001b[36m<div\u001b[39m\n        \u001b[33mclass\u001b[39m=\u001b[32m\"simulator-content\"\u001b[39m\n      \u001b[36m>\u001b[39m\n        \u001b[36m<div\u001b[39m\n          \u001b[33mclass\u001b[39m=\u001b[32m\"card\"\u001b[39m\n        \u001b[36m>\u001b[39m\n          \u001b[36m<h2>\u001b[39m\n            \u001b[0mDevice Configuration\u001b[0m\n          \u001b[36m</h2>\u001b[39m\n          \u001b[36m<div\u001b[39m\n            \u001b[33mclass\u001b[39m=\u001b[32m\"form-grid\"\u001b[39m\n          \u001b[36m>\u001b[39m\n            \u001b[36m<div\u001b[39m\n              \u001b[33mclass\u001b[39m=\u001b[32m\"form-group\"\u001b[39m\n            \u001b[36m>\u001b[39m\n              \u001b[36m<label>\u001b[39m\n                \u001b[0mDevice ID\u001b[0m\n              \u001b[36m</label>\u001b[39m\n              \u001b[36m<input\u001b[39m\n                \u001b[33mdisabled\u001b[39m=\u001b[32m\"\"\u001b[39m\n                \u001b[33mplaceholder\u001b[39m=\u001b[32m\"device-xxxxx\"\u001b[39m\n                \u001b[33mtype\u001b[39m=\u001b[32m\"text\"\u001b[39m\n                \u001b[33mvalue\u001b[39m=\u001b[32m\"device-u2f632d3k\"\u001b[39m\n              \u001b[36m/>\u001b[39m\n            \u001b[36m</div>\u001b[39m\n            \u001b[36m<div\u001b[39m\n              \u001b[33mclass\u001b[39m=\u001b[32m\"form-group\"\u001b[39m\n            \u001b[36m>\u001b[39m\n              \u001b[36m<label>\u001b[39m\n                \u001b[0mDevice Name\u001b[0m\n              \u001b[36m</label>\u001b[39m\n              \u001b[36m<input\u001b[39m\n                \u001b[33mdisabled\u001b[39m=\u001b[32m\"\"\u001b[39m\n                \u001b[33mplaceholder\u001b[39m=\u001b[32m\"My Device\"\u001b[39m\n                \u001b[33mtype\u001b[39m=\u001b[32m\"text\"\u001b[39m\n                \u001b[33mvalue\u001b[39m=\u001b[32m\"\"\u001b[39m\n              \u001b[36m/>\u001b[39m\n            \u001b[36m</div>\u001b[39m\n            \u001b[36m<div\u001b[39m\n              \u001b[33mclass\u001b[39m=\u001b[32m\"form-group\"\u001b[39m\n            \u001b[36m>\u001b[39m\n              \u001b[36m<label>\u001b[39m\n                \u001b[0mType\u001b[0m\n              \u001b[36m</label>\u001b[39m\n              \u001b[36m<select\u001b[39m\n                \u001b[33mdisabled\u001b[39m=\u001b[32m\"\"\u001b[39m\n              \u001b[36m>\u001b[39m\n                \u001b[36m<option\u001b[39m\n                  \u001b[33mvalue\u001b[39m=\u001b[32m\"laptop\"\u001b[39m\n                \u001b[36m>\u001b[39m\n                  \u001b[0mLaptop\u001b[0m\n                \u001b[36m</option>\u001b[39m\n                \u001b[36m<option\u001b[39m\n                  \u001b[33mvalue\u001b[39m=\u001b[32m\"desktop\"\u001b[39m\n                \u001b[36m>\u001b[39m\n                  \u001b[0mDesktop\u001b[0m\n                \u001b[36m</option>\u001b[39m\n                \u001b[36m<option\u001b[39m\n                  \u001b[33mvalue\u001b[39m=\u001b[32m\"mobile\"\u001b[39m\n                \u001b[36m>\u001b[39m\n                  \u001b[0mMobile\u001b[0m\n                \u001b[36m</option>\u001b[39m\n                \u001b[36m<option\u001b[39m\n                  \u001b[33mvalue\u001b[39m=\u001b[32m\"tablet\"\u001b[39m\n                \u001b[36m>\u001b[39m\n                  \u001b[0mTablet\u001b[0m\n                \u001b[36m</option>\u001b[39m\n              \u001b[36m</select>\u001b[39m\n            \u001b[36m</div>\u001b[39m\n            \u001b[36m<div\u001b[39m\n              \u001b[33mclass\u001b[39m=\u001b[32m\"form-group\"\u001b[39m\n            \u001b[36m>\u001b[39m\n              \u001b[36m<label>\u001b[39m\n                \u001b[0mOperating System\u001b[0m\n              \u001b[36m</label>\u001b[39m\n              \u001b[36m<select\u001b[39m\n                \u001b[33mdisabled\u001b[39m=\u001b[32m\"\"\u001b[39m\n              \u001b[36m>\u001b[39m\n                \u001b[36m<option\u001b[39m\n                  \u001b[33mvalue\u001b[39m=\u001b[32m\"macOS\"\u001b[39m\n                \u001b[36m>\u001b[39m\n                  \u001b[0mmacOS\u001b[0m\n                \u001b[36m</option>\u001b[39m\n                \u001b[36m<option\u001b[39m\n                  \u001b[33mvalue\u001b[39m=\u001b[32m\"Windows\"\u001b[39m\n                \u001b[36m>\u001b[39m\n                  \u001b[0mWindows\u001b[0m\n                \u001b[36m</option>\u001b[39m\n                \u001b[36m<option\u001b[39m\n                  \u001b[33mvalue\u001b[39m=\u001b[32m\"Linux\"\u001b[39m\n                \u001b[36m>\u001b[39m\n                  \u001b[0mLinux\u001b[0m\n                \u001b[36m</option>\u001b[39m\n                \u001b[36m<option\u001b[39m\n                  \u001b[33mvalue\u001b[39m=\u001b[32m\"iOS\"\u001b[39m\n                \u001b[36m>\u001b[39m\n                  \u001b[0miOS\u001b[0m\n                \u001b[36m</option>\u001b[39m\n                \u001b[36m<option\u001b[39m\n                  \u001b[33mvalue\u001b[39m=\u001b[32m\"Android\"\u001b[39m\n                \u001b[36m>\u001b[39m\n                  \u001b[0mAndroid\u001b[0m\n                \u001b[36m</option>\u001b[39m\n              \u001b[36m</select>\u001b[39m\n            \u001b[36m</div>\u001b[39m\n            \u001b[36m<div\u001b[39m\n              \u001b[33mclass\u001b[39m=\u001b[32m\"form-group\"\u001b[39m\n            \u001b[36m>\u001b[39m\n              \u001b[36m<label>\u001b[39m\n                \u001b[0mCurrent User\u001b[0m\n              \u001b[36m</label>\u001b[39m\n              \u001b[36m<input\u001b[39m\n                \u001b[33mdisabled\u001b[39m=\u001b[32m\"\"\u001b[39m\n                \u001b[33mplaceholder\u001b[39m=\u001b[32m\"simulator-user\"\u001b[39m\n                \u001b[33mtype\u001b[39m=\u001b[32m\"text\"\u001b[39m\n                \u001b[33mvalue\u001b[39m=\u001b[32m\"\"\u001b[39m\n              \u001b[36m/>\u001b[39m\n            \u001b[36m</div>\u001b[39m\n          \u001b[36m</div>\u001b[39m\n          \u001b[36m<div\u001b[39m\n            \u001b[33mclass\u001b[39m=\u001b[32m\"button-group\"\u001b[39m\n          \u001b[36m>\u001b[39m\n            \u001b[36m<button\u001b[39m\n              \u001b[33mclass\u001b[39m=\u001b[32m\"btn btn-secondary\"\u001b[39m\n              \u001b[33mdisabled\u001b[39m=\u001b[32m\"\"\u001b[39m\n            \u001b[36m>\u001b[39m\n              \u001b[0m✓ Device Registered\u001b[0m\n            \u001b[36m</button>\u001b[39m\n            \u001b[36m<button\u001b[39m\n              \u001b[33mclass\u001b[39m=\u001b[32m\"btn btn-outline\"\u001b[39m\n            \u001b[36m>\u001b[39m\n              \u001b[0mReset\u001b[0m\n            \u001b[36m</button>\u001b[39m\n          \u001b[36m</div>\u001b[39m\n        \u001b[36m</div>\u001b[39m\n        \u001b[36m<div\u001b[39m\n          \u001b[33mclass\u001b[39m=\u001b[32m\"card\"\u001b[39m\n        \u001b[36m>\u001b[39m\n          \u001b[36m<h2>\u001b[39m\n            \u001b[0mSimulation Controls\u001b[0m\n          \u001b[36m</h2>\u001b[39m\n          \u001b[36m<div\u001b[39m\n            \u001b[33mclass\u001b[39m=\u001b[32m\"button-group\"\u001b[39m\n          \u001b[36m>\u001b[39m\n            \u001b[36m<button\u001b[39m\n              \u001b[33mclass\u001b[39m=\u001b[32m\"btn btn-success\"\u001b[39m\n            \u001b[36m>\u001b[39m\n              \u001b[0m▶️ Start Auto Simulation\u001b[0m\n            \u001b[36m</button>\u001b[39m\n          \u001b[36m</div>\u001b[39m\n          \u001b[36m<div\u001b[39m\n            \u001b[33mclass\u001b[39m=\u001b[32m\"manual-controls\"\u001b[39m\n          \u001b[36m>\u001b[39m\n            \u001b[36m<h3>\u001b[39m\n              \u001b[0mManual Actions\u001b[0m\n            \u001b[36m</h3>\u001b[39m\n            \u001b[36m<div\u001b[39m\n              \u001b[33mclass\u001b[39m=\u001b[32m\"button-group\"\u001b[39m\n            \u001b[36m>\u001b[39m\n              \u001b[36m<button\u001b[39m\n                \u001b[33mclass\u001b[39m=\u001b[32m\"btn btn-small\"\u001b[39m\n              \u001b[36m>\u001b[39m\n                \u001b[0m📊 Send Metrics\u001b[0m\n              \u001b[36m</button>\u001b[39m\n              \u001b[36m<button\u001b[39m\n                \u001b[33mclass\u001b[39m=\u001b[32m\"btn btn-small\"\u001b[39m\n              \u001b[36m>\u001b[39m\n                \u001b[0m📝 Send Activities\u001b[0m\n              \u001b[36m</button>\u001b[39m\n              \u001b[36m<button\u001b[39m\n                \u001b[33mclass\u001b[39m=\u001b[32m\"btn btn-small\"\u001b[39m\n              \u001b[36m>\u001b[39m\n                \u001b[0m⚠️ Send Alert\u001b[0m\n              \u001b[36m</button>\u001b[39m\n              \u001b[36m<button\u001b[39m\n                \u001b[33mclass\u001b[39m=\u001b[32m\"btn btn-small\"\u001b[39m\n              \u001b[36m>\u001b[39m\n                \u001b[0m📸 Send Screenshot\u001b[0m\n              \u001b[36m</button>\u001b[39m\n            \u001b[36m</div>\u001b[39m\n          \u001b[36m</div>\u001b[39m\n        \u001b[36m</div>\u001b[39m\n        \u001b[36m<div\u001b[39m\n          \u001b[33mclass\u001b[39m=\u001b[32m\"card stats-card\"\u001b[39m\n        \u001b[36m>\u001b[39m\n          \u001b[36m<h2>\u001b[39m\n            \u001b[0mStatistics\u001b[0m\n          \u001b[36m</h2>\u001b[39m\n          \u001b[36m<div\u001b[39m\n            \u001b[33mclass\u001b[39m=\u001b[32m\"stats-grid\"\u001b[39m\n          \u001b[36m>\u001b[39m\n            \u001b[36m<div\u001b[39m\n              \u001b[33mclass\u001b[39m=\u001b[32m\"stat\"\u001b[39m\n            \u001b[36m>\u001b[39m\n              \u001b[36m<div\u001b[39m\n                \u001b[33mclass\u001b[39m=\u001b[32m\"stat-value\"\u001b[39m\n              \u001b[36m>\u001b[39m\n                \u001b[0m0\u001b[0m\n              \u001b[36m</div>\u001b[39m\n              \u001b[36m<div\u001b[39m\n                \u001b[33mclass\u001b[39m=\u001b[32m\"stat-label\"\u001b[39m\n              \u001b[36m>\u001b[39m\n                \u001b[0mMetrics Sent\u001b[0m\n              \u001b[36m</div>\u001b[39m\n            \u001b[36m</div>\u001b[39m\n            \u001b[36m<div\u001b[39m\n              \u001b[33mclass\u001b[39m=\u001b[32m\"stat\"\u001b[39m\n            \u001b[36m>\u001b[39m\n              \u001b[36m<div\u001b[39m\n                \u001b[33mclass\u001b[39m=\u001b[32m\"stat-value\"\u001b[39m\n              \u001b[36m>\u001b[39m\n                \u001b[0m0\u001b[0m\n              \u001b[36m</div>\u001b[39m\n              \u001b[36m<div\u001b[39m\n                \u001b[33mclass\u001b[39m=\u001b[32m\"stat-label\"\u001b[39m\n              \u001b[36m>\u001b[39m\n                \u001b[0mActivities Sent\u001b[0m\n              \u001b[36m</div>\u001b[39m\n            \u001b[36m</div>\u001b[39m\n            \u001b[36m<div\u001b[39m\n              \u001b[33mclass\u001b[39m=\u001b[32m\"stat\"\u001b[39m\n            \u001b[36m>\u001b[39m\n              \u001b[36m<div\u001b[39m\n                \u001b[33mclass\u001b[39m=\u001b[32m\"stat-value\"\u001b[39m\n              \u001b[36m>\u001b[39m\n                \u001b[0m0\u001b[0m\n              \u001b[36m</div>\u001b[39m\n              \u001b[36m<div\u001b[39m\n                \u001b[33mclass\u001b[39m=\u001b[32m\"stat-label\"\u001b[39m\n              \u001b[36m>\u001b[39m\n                \u001b[0mAlerts Sent\u001b[0m\n              \u001b[36m</div>\u001b[39m\n            \u001b[36m</div>\u001b[39m\n            \u001b[36m<div\u001b[39m\n              \u001b[33mclass\u001b[39m=\u001b[32m\"stat\"\u001b[39m\n            \u001b[36m>\u001b[39m\n              \u001b[36m<div\u001b[39m\n                \u001b[33mclass\u001b[39m=\u001b[32m\"stat-value\"\u001b[39m\n              \u001b[36m>\u001b[39m\n                \u001b[0m0\u001b[0m\n              \u001b[36m</div>\u001b[39m\n              \u001b[36m<div\u001b[39m\n                \u001b[33mclass\u001b[39m=\u001b[32m\"stat-label\"\u001b[39m\n              \u001b[36m>\u001b[39m\n                \u001b[0mScreenshots Sent\u001b[0m\n              \u001b[36m</div>\u001b[39m\n            \u001b[36m</div>\u001b[39m\n            \u001b[36m<div\u001b[39m\n              \u001b[33mclass\u001b[39m=\u001b[32m\"stat\"\u001b[39m\n            \u001b[36m>\u001b[39m\n              \u001b[36m<div\u001b[39m\n                \u001b[33mclass\u001b[39m=\u001b[32m\"stat-value\"\u001b[39m\n              \u001b[36m>\u001b[39m\n                \u001b[0m0\u001b[0m\n              \u001b[36m</div>\u001b[39m\n              \u001b[36m<div\u001b[39m\n                \u001b[33mclass\u001b[39m=\u001b[32m\"stat-label\"\u001b[39m\n              \u001b[36m>\u001b[39m\n                \u001b[0mProcesses Sent\u001b[0m\n              \u001b[36m</div>\u001b[39m\n            \u001b[36m</div>\u001b[39m\n          \u001b[36m</div>\u001b[39m\n        \u001b[36m</div>\u001b[39m\n        \u001b[36m<div\u001b[39m\n          \u001b[33mclass\u001b[39m=\u001b[32m\"card logs-card\"\u001b[39m\n        \u001b[36m>\u001b[39m\n          \u001b[36m<h2>\u001b[39m\n            \u001b[0mActivity Logs\u001b[0m\n          \u001b[36m</h2>\u001b[39m\n          \u001b[36m<div\u001b[39m\n            \u001b[33mclass\u001b[39m=\u001b[32m\"logs\"\u001b[39m\n          \u001b[36m>\u001b[39m\n            \u001b[36m<div\u001b[39m\n              \u001b[33mclass\u001b[39m=\u001b[32m\"log-entry log-success\"\u001b[39m\n            \u001b[36m>\u001b[39m\n              \u001b[36m<span\u001b[39m\n                \u001b[33mclass\u001b[39m=\u001b[32m\"log-time\"\u001b[39m\n              \u001b[36m>\u001b[39m\n                \u001b[0m11:48:17 AM\u001b[0m\n              \u001b[36m</span>\u001b[39m\n              \u001b[36m<span\u001b[39m\n                \u001b[33mclass\u001b[39m=\u001b[32m\"log-message\"\u001b[39m\n              \u001b[36m>\u001b[39m\n                \u001b[0m✓ Device registered successfully\u001b[0m\n              \u001b[36m</span>\u001b[39m\n            \u001b[36m</div>\u001b[39m\n          \u001b[36m</div>\u001b[39m\n        \u001b[36m</div>\u001b[39m\n      \u001b[36m</div>\u001b[39m\n    \u001b[36m</div>\u001b[39m\n  \u001b[36m</div>\u001b[39m\n\u001b[36m</body>\u001b[39m\n    at Proxy.waitForWrapper (/home/runner/work/raqeem/raqeem/devices/frontend/node_modules/@testing-library/dom/dist/wait-for.js:163:27)\n    at /home/runner/work/raqeem/raqeem/devices/frontend/src/components/DeviceSimulator.test.jsx:182:15\n    at file:///home/runner/work/raqeem/raqeem/devices/frontend/node_modules/@vitest/runner/dist/index.js:157:11\n    at file:///home/runner/work/raqeem/raqeem/devices/frontend/node_modules/@vitest/runner/dist/index.js:753:26\n    at file:///home/runner/work/raqeem/raqeem/devices/frontend/node_modules/@vitest/runner/dist/index.js:1636:20\n    at new Promise (<anonymous>)\n    at runWithTimeout (file:///home/runner/work/raqeem/raqeem/devices/frontend/node_modules/@vitest/runner/dist/index.js:1602:10)\n    at runTest (file:///home/runner/work/raqeem/raqeem/devices/frontend/node_modules/@vitest/runner/dist/index.js:1309:12)\n    at runSuite (file:///home/runner/work/raqeem/raqeem/devices/frontend/node_modules/@vitest/runner/dist/index.js:1468:8)\n    at runSuite (file:///home/runner/work/raqeem/raqeem/devices/frontend/node_modules/@vitest/runner/dist/index.js:1468:8)"],"meta":{}},{"ancestorTitles":["DeviceSimulator Component"],"fullName":"DeviceSimulator Component sends alert manually","status":"failed","title":"sends alert manually","duration":1061.278373,"failureMessages":["AssertionError: expected \"vi.fn()\" to be called with arguments: [ StringContaining \"alerts\", …(1) ]\u001b[90m\n\nNumber of calls: \u001b[1m0\u001b[22m\n\u001b[39m\n\nIgnored nodes: comments, script, style\n\u001b[36m<html>\u001b[39m\n  \u001b[36m<head />\u001b[39m\n  \u001b[36m<body>\u001b[39m\n    \u001b[36m<div>\u001b[39m\n      \u001b[36m<div\u001b[39m\n        \u001b[33mclass\u001b[39m=\u001b[32m\"simulator\"\u001b[39m\n      \u001b[36m>\u001b[39m\n        \u001b[36m<header\u001b[39m\n          \u001b[33mclass\u001b[39m=\u001b[32m\"simulator-header\"\u001b[39m\n        \u001b[36m>\u001b[39m\n          \u001b[36m<h1>\u001b[39m\n            \u001b[0m🖥️ Device Simulator\u001b[0m\n          \u001b[36m</h1>\u001b[39m\n          \u001b[36m<p>\u001b[39m\n            \u001b[0mSimulate device registration and data transmission\u001b[0m\n          \u001b[36m</p>\u001b[39m\n        \u001b[36m</header>\u001b[39m\n        \u001b[36m<div\u001b[39m\n          \u001b[33mclass\u001b[39m=\u001b[32m\"simulator-content\"\u001b[39m\n        \u001b[36m>\u001b[39m\n          \u001b[36m<div\u001b[39m\n            \u001b[33mclass\u001b[39m=\u001b[32m\"card\"\u001b[39m\n          \u001b[36m>\u001b[39m\n            \u001b[36m<h2>\u001b[39m\n              \u001b[0mDevice Configuration\u001b[0m\n            \u001b[36m</h2>\u001b[39m\n            \u001b[36m<div\u001b[39m\n              \u001b[33mclass\u001b[39m=\u001b[32m\"form-grid\"\u001b[39m\n            \u001b[36m>\u001b[39m\n              \u001b[36m<div\u001b[39m\n                \u001b[33mclass\u001b[39m=\u001b[32m\"form-group\"\u001b[39m\n              \u001b[36m>\u001b[39m\n                \u001b[36m<label>\u001b[39m\n                  \u001b[0mDevice ID\u001b[0m\n                \u001b[36m</label>\u001b[39m\n                \u001b[36m<input\u001b[39m\n                  \u001b[33mplaceholder\u001b[39m=\u001b[32m\"device-xxxxx\"\u001b[39m\n                  \u001b[33mtype\u001b[39m=\u001b[32m\"text\"\u001b[39m\n                  \u001b[33mvalue\u001b[39m=\u001b[32m\"device-x4v4huqy5\"\u001b[39m\n                \u001b[36m/>\u001b[39m\n              \u001b[36m</div>\u001b[39m\n              \u001b[36m<div\u001b[39m\n                \u001b[33mclass\u001b[39m=\u001b[32m\"form-group\"\u001b[39m\n              \u001b[36m>\u001b[39m\n                \u001b[36m<label>\u001b[39m\n                  \u001b[0mDevice Name\u001b[0m\n                \u001b[36m</label>\u001b[39m\n                \u001b[36m<input\u001b[39m\n                  \u001b[33mplaceholder\u001b[39m=\u001b[32m\"My Device\"\u001b[39m\n                  \u001b[33mtype\u001b[39m=\u001b[32m\"text\"\u001b[39m\n                  \u001b[33mvalue\u001b[39m=\u001b[32m\"\"\u001b[39m\n                \u001b[36m/>\u001b[39m\n              \u001b[36m</div>\u001b[39m\n              \u001b[36m<div\u001b[39m\n                \u001b[33mclass\u001b[39m=\u001b[32m\"form-group\"\u001b[39m\n              \u001b[36m>\u001b[39m\n                \u001b[36m<label>\u001b[39m\n                  \u001b[0mType\u001b[0m\n                \u001b[36m</label>\u001b[39m\n                \u001b[36m<select>\u001b[39m\n                  \u001b[36m<option\u001b[39m\n                    \u001b[33mvalue\u001b[39m=\u001b[32m\"laptop\"\u001b[39m\n                  \u001b[36m>\u001b[39m\n                    \u001b[0mLaptop\u001b[0m\n                  \u001b[36m</option>\u001b[39m\n                  \u001b[36m<option\u001b[39m\n                    \u001b[33mvalue\u001b[39m=\u001b[32m\"desktop\"\u001b[39m\n                  \u001b[36m>\u001b[39m\n                    \u001b[0mDesktop\u001b[0m\n                  \u001b[36m</option>\u001b[39m\n                  \u001b[36m<option\u001b[39m\n                    \u001b[33mvalue\u001b[39m=\u001b[32m\"mobile\"\u001b[39m\n                  \u001b[36m>\u001b[39m\n                    \u001b[0mMobile\u001b[0m\n                  \u001b[36m</option>\u001b[39m\n                  \u001b[36m<option\u001b[39m\n                    \u001b[33mvalue\u001b[39m=\u001b[32m\"tablet\"\u001b[39m\n                  \u001b[36m>\u001b[39m\n                    \u001b[0mTablet\u001b[0m\n                  \u001b[36m</option>\u001b[39m\n                \u001b[36m</select>\u001b[39m\n              \u001b[36m</div>\u001b[39m\n              \u001b[36m<div\u001b[39m\n                \u001b[33mclass\u001b[39m=\u001b[32m\"form-group\"\u001b[39m\n              \u001b[36m>\u001b[39m\n                \u001b[36m<label>\u001b[39m\n                  \u001b[0mOperating System\u001b[0m\n                \u001b[36m</label>\u001b[39m\n                \u001b[36m<select>\u001b[39m\n                  \u001b[36m<option\u001b[39m\n                    \u001b[33mvalue\u001b[39m=\u001b[32m\"macOS\"\u001b[39m\n                  \u001b[36m>\u001b[39m\n                    \u001b[0mmacOS\u001b[0m\n                  \u001b[36m</option>\u001b[39m\n                  \u001b[36m<option\u001b[39m\n                    \u001b[33mvalue\u001b[39m=\u001b[32m\"Windows\"\u001b[39m\n                  \u001b[36m>\u001b[39m\n                    \u001b[0mWindows\u001b[0m\n                  \u001b[36m</option>\u001b[39m\n                  \u001b[36m<option\u001b[39m\n                    \u001b[33mvalue\u001b[39m=\u001b[32m\"Linux\"\u001b[39m\n                  \u001b[36m>\u001b[39m\n                    \u001b[0mLinux\u001b[0m\n                  \u001b[36m</option>\u001b[39m\n                  \u001b[36m<option\u001b[39m\n                    \u001b[33mvalue\u001b[39m=\u001b[32m\"iOS\"\u001b[39m\n                  \u001b[36m>\u001b[39m\n                    \u001b[0miOS\u001b[0m\n                  \u001b[36m</option>\u001b[39m\n                  \u001b[36m<option\u001b[39m\n                    \u001b[33mvalue\u001b[39m=\u001b[32m\"Android\"\u001b[39m\n                  \u001b[36m>\u001b[39m\n                    \u001b[0mAndroid\u001b[0m\n                  \u001b[36m</option>\u001b[39m\n                \u001b[36m</select>\u001b[39m\n              \u001b[36m</div>\u001b[39m\n              \u001b[36m<div\u001b[39m\n                \u001b[33mclass\u001b[39m=\u001b[32m\"form-group\"\u001b[39m\n              \u001b[36m>\u001b[39m\n                \u001b[36m<label>\u001b[39m\n                  \u001b[0mCurrent User\u001b[0m\n                \u001b[36m</label>\u001b[39m\n                \u001b[36m<input\u001b[39m\n                  \u001b[33mplaceholder\u001b[39m=\u001b[32m\"simulator-user\"\u001b[39m\n                  \u001b[33mtype\u001b[39m=\u001b[32m\"text\"\u001b[39m\n                  \u001b[33mvalue\u001b[39m=\u001b[32m\"\"\u001b[39m\n                \u001b[36m/>\u001b[39m\n              \u001b[36m</div>\u001b[39m\n            \u001b[36m</div>\u001b[39m\n            \u001b[36m<div\u001b[39m\n              \u001b[33mclass\u001b[39m=\u001b[32m\"button-group\"\u001b[39m\n            \u001b[36m>\u001b[39m\n              \u001b[36m<button\u001b[39m\n                \u001b[33mclass\u001b[39m=\u001b[32m\"btn btn-primary\"\u001b[39m\n              \u001b[36m>\u001b[39m\n                \u001b[0mRegister Device\u001b[0m\n              \u001b[36m</button>\u001b[39m\n              \u001b[36m<button\u001b[39m\n                \u001b[33mclass\u001b[39m=\u001b[32m\"btn btn-outline\"\u001b[39m\n              \u001b[36m>\u001b[39m\n                \u001b[0mReset\u001b[0m\n              \u001b[36m</button>\u001b[39m\n            \u001b[36m</div>\u001b[39m\n          \u001b[36m</div>\u001b[39m\n          \u001b[36m<div\u001b[39m\n            \u001b[33mclass\u001b[39m=\u001b[32m\"card\"\u001b[39m\n          \u001b[36m>\u001b[39m\n            \u001b[36m<h2>\u001b[39m\n              \u001b[0mSimulation Controls\u001b[0m\n            \u001b[36m</h2>\u001b[39m\n            \u001b[36m<div\u001b[39m\n              \u001b[33mclass\u001b[39m=\u001b[32m\"button-group\"\u001b[39m\n            \u001b[36m>\u001b[39m\n              \u001b[36m<button\u001b[39m\n                \u001b[33mclass\u001b[39m=\u001b[32m\"btn btn-success\"\u001b[39m\n                \u001b[33mdisabled\u001b[39m=\u001b[32m\"\"\u001b[39m\n              \u001b[36m>\u001b[39m\n                \u001b[0m▶️ Start Auto Simulation\u001b[0m\n              \u001b[36m</button>\u001b[39m\n            \u001b[36m</div>\u001b[39m\n            \u001b[36m<div\u001b[39m\n              \u001b[33mclass\u001b[39m=\u001b[32m\"manual-controls\"\u001b[39m\n            \u001b[36m>\u001b[39m\n              \u001b[36m<h3>\u001b[39m\n                \u001b[0mManual Actions\u001b[0m\n              \u001b[36m</h3>\u001b[39m\n              \u001b[36m<div\u001b[39m\n                \u001b[33mclass\u001b[39m=\u001b[32m\"button-group\"\u001b[39m\n              \u001b[36m>\u001b[39m\n                \u001b[36m<button\u001b[39m\n                  \u001b[33mclass\u001b[39m=\u001b[32m\"btn btn-small\"\u001b[39m\n                  \u001b[33mdisabled\u001b[39m=\u001b[32m\"\"\u001b[39m\n                \u001b[36m>\u001b[39m\n                  \u001b[0m📊 Send Metrics\u001b[0m\n                \u001b[36m</button>\u001b[39m\n                \u001b[36m<button\u001b[39m\n                  \u001b[33mclass\u001b[39m=\u001b[32m\"btn btn-small\"\u001b[39m\n                  \u001b[33mdisabled\u001b[39m=\u001b[32m\"\"\u001b[39m\n                \u001b[36m>\u001b[39m\n                  \u001b[0m📝 Send Activities\u001b[0m\n                \u001b[36m</button>\u001b[39m\n                \u001b[36m<button\u001b[39m\n                  \u001b[33mclass\u001b[39m=\u001b[32m\"btn btn-small\"\u001b[39m\n                  \u001b[33mdisabled\u001b[39m=\u001b[32m\"\"\u001b[39m\n                \u001b[36m>\u001b[39m\n                  \u001b[0m⚠️ Send Alert\u001b[0m\n                \u001b[36m</button>\u001b[39m\n                \u001b[36m<button\u001b[39m\n                  \u001b[33mclass\u001b[39m=\u001b[32m\"btn btn-small\"\u001b[39m\n                  \u001b[33mdisabled\u001b[39m=\u001b[32m\"\"\u001b[39m\n                \u001b[36m>\u001b[39m\n                  \u001b[0m📸 Send Screenshot\u001b[0m\n                \u001b[36m</button>\u001b[39m\n              \u001b[36m</div>\u001b[39m\n            \u001b[36m</div>\u001b[39m\n          \u001b[36m</div>\u001b[39m\n          \u001b[36m<div\u001b[39m\n            \u001b[33mclass\u001b[39m=\u001b[32m\"card stats-card\"\u001b[39m\n          \u001b[36m>\u001b[39m\n            \u001b[36m<h2>\u001b[39m\n              \u001b[0mStatistics\u001b[0m\n            \u001b[36m</h2>\u001b[39m\n            \u001b[36m<div\u001b[39m\n              \u001b[33mclass\u001b[39m=\u001b[32m\"stats-grid\"\u001b[39m\n            \u001b[36m>\u001b[39m\n              \u001b[36m<div\u001b[39m\n                \u001b[33mclass\u001b[39m=\u001b[32m\"stat\"\u001b[39m\n              \u001b[36m>\u001b[39m\n                \u001b[36m<div\u001b[39m\n                  \u001b[33mclass\u001b[39m=\u001b[32m\"stat-value\"\u001b[39m\n                \u001b[36m>\u001b[39m\n                  \u001b[0m
[...]
art":{"line":175,"column":26},"end":{"line":175,"column":33}},"loc":{"start":{"line":175,"column":42},"end":{"line":189,"column":15}},"line":175},"16":{"name":"(anonymous_16)","decl":{"start":{"line":186,"column":29},"end":{"line":186,"column":38}},"loc":{"start":{"line":186,"column":38},"end":{"line":186,"column":95}},"line":186},"17":{"name":"(anonymous_17)","decl":{"start":{"line":195,"column":39},"end":{"line":195,"column":46}},"loc":{"start":{"line":195,"column":54},"end":{"line":289,"column":7}},"line":195},"18":{"name":"(anonymous_18)","decl":{"start":{"line":291,"column":37},"end":{"line":291,"column":49}},"loc":{"start":{"line":291,"column":49},"end":{"line":303,"column":7}},"line":291},"19":{"name":"(anonymous_19)","decl":{"start":{"line":305,"column":38},"end":{"line":305,"column":50}},"loc":{"start":{"line":305,"column":50},"end":{"line":334,"column":7}},"line":305},"20":{"name":"(anonymous_20)","decl":{"start":{"line":313,"column":88},"end":{"line":313,"column":95}},"loc":{"start":{"line":313,"column":95},"end":{"line":319,"column":14}},"line":313},"21":{"name":"(anonymous_21)","decl":{"start":{"line":328,"column":25},"end":{"line":328,"column":34}},"loc":{"start":{"line":328,"column":34},"end":{"line":328,"column":109}},"line":328},"22":{"name":"(anonymous_22)","decl":{"start":{"line":336,"column":28},"end":{"line":336,"column":34}},"loc":{"start":{"line":336,"column":34},"end":{"line":343,"column":null}},"line":336},"23":{"name":"(anonymous_23)","decl":{"start":{"line":345,"column":27},"end":{"line":345,"column":33}},"loc":{"start":{"line":345,"column":33},"end":{"line":348,"column":null}},"line":345},"24":{"name":"(anonymous_24)","decl":{"start":{"line":351,"column":14},"end":{"line":351,"column":20}},"loc":{"start":{"line":351,"column":20},"end":{"line":359,"column":7}},"line":351},"25":{"name":"(anonymous_25)","decl":{"start":{"line":354,"column":37},"end":{"line":354,"column":43}},"loc":{"start":{"line":354,"column":43},"end":{"line":356,"column":11}},"line":354},"26":{"name":"(anonymous_26)","decl":{"start":{"line":358,"column":15},"end":{"line":358,"column":21}},"loc":{"start":{"line":358,"column":21},"end":{"line":358,"column":null}},"line":358},"27":{"name":"(anonymous_27)","decl":{"start":{"line":362,"column":14},"end":{"line":362,"column":20}},"loc":{"start":{"line":362,"column":20},"end":{"line":390,"column":7}},"line":362},"28":{"name":"(anonymous_28)","decl":{"start":{"line":365,"column":37},"end":{"line":365,"column":43}},"loc":{"start":{"line":365,"column":43},"end":{"line":387,"column":11}},"line":365},"29":{"name":"(anonymous_29)","decl":{"start":{"line":389,"column":15},"end":{"line":389,"column":21}},"loc":{"start":{"line":389,"column":21},"end":{"line":389,"column":null}},"line":389},"30":{"name":"(anonymous_30)","decl":{"start":{"line":409,"column":42},"end":{"line":409,"column":43}},"loc":{"start":{"line":409,"column":49},"end":{"line":409,"column":null}},"line":409},"31":{"name":"(anonymous_31)","decl":{"start":{"line":420,"column":42},"end":{"line":420,"column":43}},"loc":{"start":{"line":420,"column":49},"end":{"line":420,"column":null}},"line":420},"32":{"name":"(anonymous_32)","decl":{"start":{"line":430,"column":42},"end":{"line":430,"column":43}},"loc":{"start":{"line":430,"column":49},"end":{"line":430,"column":null}},"line":430},"33":{"name":"(anonymous_33)","decl":{"start":{"line":444,"column":42},"end":{"line":444,"column":43}},"loc":{"start":{"line":444,"column":49},"end":{"line":444,"column":null}},"line":444},"34":{"name":"(anonymous_34)","decl":{"start":{"line":460,"column":42},"end":{"line":460,"column":43}},"loc":{"start":{"line":460,"column":49},"end":{"line":460,"column":null}},"line":460},"35":{"name":"(anonymous_35)","decl":{"start":{"line":480,"column":37},"end":{"line":480,"column":43}},"loc":{"start":{"line":480,"column":43},"end":{"line":486,"column":null}},"line":480},"36":{"name":"(anonymous_36)","decl":{"start":{"line":581,"column":37},"end":{"line":581,"column":38}},"loc":{"start":{"line":582,"column":32},"end":{"line":585,"column":null}},"line":582}},"branchMap":{"0":{"loc":{"start":{"line":29,"column":8},"end":{"line":31,"column":null}},"type":"if","locations":[{"start":{"line":29,"column":8},"end":{"line":31,"column":null}},{"start":{},"end":{}}],"line":29},"1":{"loc":{"start":{"line":34,"column":41},"end":{"line":34,"column":59}},"type":"default-arg","locations":[{"start":{"line":34,"column":48},"end":{"line":34,"column":59}}],"line":34},"2":{"loc":{"start":{"line":43,"column":22},"end":{"line":43,"column":null}},"type":"binary-expr","locations":[{"start":{"line":43,"column":22},"end":{"line":43,"column":36}},{"start":{"line":43,"column":36},"end":{"line":43,"column":null}}],"line":43},"3":{"loc":{"start":{"line":46,"column":30},"end":{"line":46,"column":null}},"type":"binary-expr","locations":[{"start":{"line":46,"column":30},"end":{"line":46,"column":45}},{"start":{"line":46,"column":45},"end":{"line":46,"column":null}}],"line":46},"4":{"loc":{"start":{"line":60,"column":12},"end":{"line":65,"column":null}},"type":"if","locations":[{"start":{"line":60,"column":12},"end":{"line":65,"column":null}},{"start":{"line":63,"column":19},"end":{"line":65,"column":null}}],"line":60},"5":{"loc":{"start":{"line":91,"column":12},"end":{"line":94,"column":null}},"type":"if","locations":[{"start":{"line":91,"column":12},"end":{"line":94,"column":null}},{"start":{},"end":{}}],"line":91},"6":{"loc":{"start":{"line":118,"column":12},"end":{"line":121,"column":null}},"type":"if","locations":[{"start":{"line":118,"column":12},"end":{"line":121,"column":null}},{"start":{},"end":{}}],"line":118},"7":{"loc":{"start":{"line":146,"column":12},"end":{"line":149,"column":null}},"type":"if","locations":[{"start":{"line":146,"column":12},"end":{"line":149,"column":null}},{"start":{},"end":{}}],"line":146},"8":{"loc":{"start":{"line":185,"column":16},"end":{"line":188,"column":null}},"type":"if","locations":[{"start":{"line":185,"column":16},"end":{"line":188,"column":null}},{"start":{},"end":{}}],"line":185},"9":{"loc":{"start":{"line":211,"column":12},"end":{"line":213,"column":null}},"type":"if","locations":[{"start":{"line":211,"column":12},"end":{"line":213,"column":null}},{"start":{},"end":{}}],"line":211},"10":{"loc":{"start":{"line":219,"column":12},"end":{"line":256,"column":null}},"type":"switch","locations":[{"start":{"line":220,"column":16},"end":{"line":229,"column":null}},{"start":{"line":230,"column":16},"end":{"line":232,"column":null}},{"start":{"line":233,"column":16},"end":{"line":235,"column":null}},{"start":{"line":236,"column":16},"end":{"line":242,"column":null}},{"start":{"line":243,"column":16},"end":{"line":245,"column":null}},{"start":{"line":246,"column":16},"end":{"line":250,"column":null}},{"start":{"line":251,"column":16},"end":{"line":253,"column":null}},{"start":{"line":254,"column":16},"end":{"line":255,"column":null}}],"line":219},"11":{"loc":{"start":{"line":223,"column":30},"end":{"line":223,"column":null}},"type":"binary-expr","locations":[{"start":{"line":223,"column":30},"end":{"line":223,"column":44}},{"start":{"line":223,"column":44},"end":{"line":223,"column":null}}],"line":223},"12":{"loc":{"start":{"line":226,"column":30},"end":{"line":226,"column":null}},"type":"binary-expr","locations":[{"start":{"line":226,"column":30},"end":{"line":226,"column":45}},{"start":{"line":226,"column":45},"end":{"line":226,"column":null}}],"line":226},"13":{"loc":{"start":{"line":247,"column":36},"end":{"line":247,"column":null}},"type":"binary-expr","locations":[{"start":{"line":247,"column":36},"end":{"line":247,"column":65}},{"start":{"line":247,"column":65},"end":{"line":247,"column":null}}],"line":247},"14":{"loc":{"start":{"line":269,"column":12},"end":{"line":271,"column":null}},"type":"if","locations":[{"start":{"line":269,"column":12},"end":{"line":271,"column":null}},{"start":{},"end":{}}],"line":269},"15":{"loc":{"start":{"line":294,"column":12},"end":{"line":299,"column":null}},"type":"if","locations":[{"start":{"line":294,"column":12},"end":{"line":299,"column":null}},{"start":{},"end":{}}],"line":294},"16":{"loc":{"start":{"line":327,"column":12},"end":{"line":330,"column":null}},"type":"if","locations":[{"start":{"line":327,"column":12},"end":{"line":330,"column":null}},{"start":{},"end":{}}],"line":327},"17":{"loc":{"start":{"line":328,"column":62},"end":{"line":328,"column":90}},"type":"binary-expr","locations":[{"start":{"line":328,"column":62},"end":{"line":328,"column":85}},{"start":{"line":328,"column":85},"end":{"line":328,"column":90}}],"line":328},"18":{"loc":{"start":{"line":337,"column":8},"end":{"line":340,"column":null}},"type":"if","locations":[{"start":{"line":337,"column":8},"end":{"line":340,"column":null}},{"start":{},"end":{}}],"line":337},"19":{"loc":{"start":{"line":352,"column":8},"end":{"line":352,"column":null}},"type":"if","locations":[{"start":{"line":352,"column":8},"end":{"line":352,"column":null}},{"start":{},"end":{}}],"line":352},"20":{"loc":{"start":{"line":363,"column":8},"end":{"line":363,"column":null}},"type":"if","locations":[{"start":{"line":363,"column":8},"end":{"line":363,"column":null}},{"start":{},"end":{}}],"line":363},"21":{"loc":{"start":{"line":369,"column":12},"end":{"line":371,"column":null}},"type":"if","locations":[{"start":{"line":369,"column":12},"end":{"line":371,"column":null}},{"start":{},"end":{}}],"line":369},"22":{"loc":{"start":{"line":374,"column":12},"end":{"line":376,"column":null}},"type":"if","locations":[{"start":{"line":374,"column":12},"end":{"line":376,"column":null}},{"start":{},"end":{}}],"line":374},"23":{"loc":{"start":{"line":379,"column":12},"end":{"line":381,"column":null}},"type":"if","locations":[{"start":{"line":379,"column":12},"end":{"line":381,"column":null}},{"start":{},"end":{}}],"line":379},"24":{"loc":{"start":{"line":384,"column":12},"end":{"line":386,"column":null}},"type":"if","locations":[{"start":{"line":384,"column":12},"end":{"line":386,"column":null}},{"start":{},"end":{}}],"line":384},"25":{"loc":{"start":{"line":468,"column":25},"end":{"line":475,"column":null}},"type":"cond-expr","locations":[{"start":{"line":469,"column":28},"end":{"line":471,"column":null}},{"start":{"line":473,"column":28},"end":{"line":475,"column":null}}],"line":468},"26":{"loc":{"start":{"line":497,"column":25},"end":{"line":508,"column":null}},"type":"cond-expr","locations":[{"start":{"line":498,"column":28},"end":{"line":504,"column":null}},{"start":{"line":506,"column":28},"end":{"line":508,"column":null}}],"line":497},"27":{"loc":{"start":{"line":578,"column":25},"end":{"line":586,"column":null}},"type":"cond-expr","locations":[{"start":{"line":579,"column":28},"end":{"line":579,"column":null}},{"start":{"line":581,"column":28},"end":{"line":586,"column":null}}],"line":578}},"s":{"0":2,"1":76,"2":76,"3":76,"4":76,"5":76,"6":76,"7":76,"8":76,"9":76,"10":76,"11":27,"12":76,"13":54,"14":27,"15":76,"16":13,"17":13,"18":13,"19":76,"20":12,"21":12,"22":72,"23":12,"24":11,"25":11,"26":11,"27":0,"28":1,"29":76,"30":0,"31":0,"32":0,"33":0,"34":0,"35":0,"36":0,"37":0,"38":76,"39":0,"40":0,"41":0,"42":0,"43":0,"44":0,"45":0,"46":0,"47":0,"48":0,"49":0,"50":76,"51":0,"52":0,"53":0,"54":0,"55":0,"56":0,"57":0,"58":0,"59":0,"60":0,"61":76,"62":1,"63":1,"64":1,"65":1,"66":1,"67":1,"68":1,"69":1,"70":1,"71":1,"72":1,"73":1,"74":1,"75":1,"76":0,"77":0,"78":0,"79":0,"80":0,"81":0,"82":0,"83":0,"84":1,"85":76,"86":0,"87":0,"88":0,"89":0,"90":0,"91":0,"92":0,"93":0,"94":0,"95":0,"96":0,"97":0,"98":0,"99":0,"100":0,"101":0,"102":0,"103":0,"104":0,"105":0,"106":0,"107":0,"108":0,"109":0,"110":0,"111":0,"112":0,"113":0,"114":0,"115":0,"116":0,"117":76,"118":0,"119":0,"120":0,"121":0,"122":0,"123":0,"124":76,"125":0,"126":0,"127":0,"128":0,"129":0,"130":0,"131":0,"132":0,"133":0,"134":0,"135":76,"136":0,"137":0,"138":0,"139":0,"140":0,"141":76,"142":0,"143":0,"144":76,"145":74,"146":63,"147":11,"148":0,"149":11,"150":11,"151":76,"152":65,"153":65,"154":0,"155":0,"156":0,"157":0,"158":0,"159":0,"160":0,"161":0,"162":0,"163":0,"164":0,"165":0,"166":76,"167":0,"168":3,"169":2,"170":2,"171":2,"172":0,"173":0,"174":0,"175":0,"176":0,"177":14},"f":{"0":76,"1":27,"2":54,"3":13,"4":13,"5":12,"6":72,"7":0,"8":0,"9":0,"10":0,"11":0,"12":0,"13":0,"14":1,"15":0,"16":0,"17":0,"18":0,"19":0,"20":0,"21":0,"22":0,"23":0,"24":74,"25":0,"26":11,"27":65,"28":0,"29":0,"30":0,"31":3,"32":2,"33":2,"34":2,"35":0,"36":14},"b":{"0":[27,27],"1":[13],"2":[12,11],"3":[12,11],"4":[11,0],"5":[0,0],"6":[0,0],"7":[0,0],"8":[0,0],"9":[0,0],"10":[0,0,0,0,0,0,0,0],"11":[0,0],"12":[0,0],"13":[0,0],"14":[0,0],"15":[0,0],"16":[0,0],"17":[0,0],"18":[0,0],"19":[63,11],"20":[65,0],"21":[0,0],"22":[0,0],"23":[0,0],"24":[0,0],"25":[64,12],"26":[76,0],"27":[63,13]},"meta":{"lastBranch":28,"lastFunction":37,"lastStatement":178,"seen":{"s:4:20:4:Infinity":0,"f:6:9:6:27":0,"s:7:32:7:Infinity":1,"s:8:36:8:Infinity":2,"s:9:36:9:Infinity":3,"s:10:32:10:Infinity":4,"s:11:38:11:Infinity":5,"s:12:40:12:Infinity":6,"s:13:34:13:Infinity":7,"s:14:24:14:Infinity":8,"s:15:26:21:Infinity":9,"s:24:29:26:Infinity":10,"f:24:29:24:35":1,"s:25:8:25:Infinity":11,"s:28:4:32:Infinity":12,"f:28:14:28:20":2,"b:29:8:31:Infinity:undefined:undefined:undefined:undefined":0,"s:29:8:31:Infinity":13,"s:30:12:30:Infinity":14,"s:34:10:37:Infinity":15,"f:34:31:34:32":3,"b:34:48:34:59":1,"s:35:14:35:Infinity":16,"s:36:8:36:Infinity":17,"f:36:16:36:24":4,"s:36:24:36:76":18,"s:39:27:69:Infinity":19,"f:39:27:39:39":5,"s:40:8:68:Infinity":20,"s:41:28:52:Infinity":21,"b:43:22:43:36:43:36:43:Infinity":2,"b:46:30:46:45:46:45:46:Infinity":3,"f:49:55:49:Infinity":6,"s:50:20:50:Infinity":22,"s:54:29:58:Infinity":23,"b:60:12:65:Infinity:63:19:65:Infinity":4,"s:60:12:65:Infinity":24,"s:61:16:61:Infinity":25,"s:62:16:62:Infinity":26,"s:64:16:64:Infinity":27,"s:67:12:67:Infinity":28,"s:71:10:98:Infinity":29,"f:71:36:71:48":7,"s:72:8:97:Infinity":30,"s:73:28:83:Infinity":31,"s:85:29:89:Infinity":32,"b:91:12:94:Infinity:undefined:undefined:undefined:undefined":5,"s:91:12:94:Infinity":33,"s:92:16:92:Infinity":34,"f:92:25:92:34":8,"s:92:34:92:83":35,"s:93:16:93:Infinity":36,"s:96:12:96:Infinity":37,"s:100:10:125:Infinity":38,"f:100:39:100:51":9,"s:101:8:124:Infinity":39,"s:102:25:102:Infinity":40,"s:103:26:103:Infinity":41,"s:105:31:110:Infinity":42,"f:105:89:105:96":10,"s:105:96:110:14":43,"s:112:29:116:Infinity":44,"b:118:12:121:Infinity:undefined:undefined:undefined:undefined":6,"s:118:12:121:Infinity":45,"s:119:16:119:Infinity":46,"f:119:25:119:34":11,"s:119:34:119:105":47,"s:120:16:120:Infinity":48,"s:123:12:123:Infinity":49,"s:127:10:153:Infinity":50,"f:127:34:127:46":12,"s:128:8:152:Infinity":51,"s:129:31:129:Infinity":52,"s:130:27:130:Infinity":53,"s:132:27:138:Infinity":54,"s:140:29:144:Infinity":55,"b:146:12:149:Infinity:undefined:undefined:undefined:undefined":7,"s:146:12:149:Infinity":56,"s:147:16:147:Infinity":57,"f:147:25:147:34":13,"s:147:34:147:81":58,"s:148:16:148:Infinity":59,"s:151:12:151:Infinity":60,"s:155:10:193:Infinity":61,"f:155:39:155:51":14,"s:156:8:192:Infinity":62,"s:158:27:158:Infinity":63,"s:159:12:159:Infinity":64,"s:160:12:160:Infinity":65,"s:161:24:161:Infinity":66,"s:164:12:164:Infinity":67,"s:165:12:165:Infinity":68,"s:168:12:168:Infinity":69,"s:169:12:169:Infinity":70,"s:170:12:170:Infinity":71,"s:171:12:171:Infinity":72,"s:172:12:172:Infinity":73,"s:173:12:173:Infinity":74,"s:175:12:189:Infinity":75,"f:175:26:175:33":15,"s:176:33:176:Infinity":76,"s:177:16:177:Infinity":77,"s:178:16:178:Infinity":78,"s:180:33:183:Infinity":79,"b:185:16:188:Infinity:undefined:undefined:undefined:undefined":8,"s:185:16:188:Infinity":80,"s:186:20:186:Infinity":81,"f:186:29:186:38":16,"s:186:38:186:95":82,"s:187:20:187:Infinity":83,"s:191:12:191:Infinity":84,"s:195:10:289:Infinity":85,"f:195:39:195:46":17,"s:196:8:288:Infinity":86,"s:197:12:197:Infinity":87,"s:200:36:208:Infinity":88,"s:210:32:210:Infinity":89,"b:211:12:213:Infinity:undefined:undefined:undefined:undefined":9,"s:211:12:213:Infinity":90,"s:212:16:212:Infinity":91,"s:215:25:215:Infinity":92,"s:216:27:216:Infinity":93,"b:220:16:229:Infinity:230:16:232:Infinity:233:16:235:Infinity:236:16:242:Infinity:243:16:245:Infinity:246:16:250:Infinity:251:16:253:Infinity:254:16:255:Infinity":10,"s:219:12:256:Infinity":94,"s:221:20:228:Infinity":95,"b:223:30:223:44:223:44:223:Infinity":11,"b:226:30:226:45:226:45:226:Infinity":12,"s:229:20:229:Infinity":96,"s:231:20:231:Infinity":97,"s:232:20:232:Infinity":98,"s:234:20:234:Infinity":99,"s:235:20:235:Infinity":100,"s:237:20:241:Infinity":101,"s:242:20:242:Infinity":102,"s:244:20:244:Infinity":103,"s:245:20:245:Infinity":104,"s:247:36:247:Infinity":105,"b:247:36:247:65:247:65:247:Infinity":13,"s:248:20:248:Infinity":106,"s:249:20:249:Infinity":107,"s:252:20:252:Infinity":108,"s:253:20:253:Infinity":109,"s:255:20:255:Infinity":110,"s:259:35:267:Infinity":111,"b:269:12:271:Infinity:undefined:undefined:undefined:undefined":14,"s:269:12:271:Infinity":112,"s:270:16:270:Infinity":113,"s:273:12:273:Infinity":114,"s:275:12:287:Infinity":115,"s:276:16:284:Infinity":116,"s:291:10:303:Infinity":117,"f:291:37:291:49":18,"s:292:8:302:Infinity":118,"s:293:29:293:Infinity":119,"b:294:12:299:Infinity:undefined:undefined:undefined:undefined":15,"s:294:12:299:Infinity":120,"s:295:33:295:Infinity":121,"s:296:16:298:Infinity":122,"s:297:20:297:Infinity":123,"s:305:10:334:Infinity":124,"f:305:38:305:50":19,"s:306:8:333:Infinity":125,"s:308:33:311:Infinity":126,"s:313:30:319:Infinity":127,"f:313:88:313:95":20,"s:313:95:319:14":128,"s:321:29:325:Infinity":129,"b:327:12:330:Infinity:undefined:undefined:undefined:undefined":16,"s:327:12:330:Infinity":130,"s:328:16:328:Infinity":131,"f:328:25:328:34":21,"s:328:34:328:109":132,"b:328:62:328:85:328:85:328:90":17,"s:329:16:329:Infinity":133,"s:332:12:332:Infinity":134,"s:336:28:343:Infinity":135,"f:336:28:336:34":22,"b:337:8:340:Infinity:undefined:undefined:undefined:undefined":18,"s:337:8:340:Infinity":136,"s:338:12:338:Infinity":137,"s:339:12:339:Infinity":138,"s:341:8:341:Infinity":139,"s:342:8:342:Infinity":140,"s:345:27:348:Infinity":141,"f:345:27:345:33":23,"s:346:8:346:Infinity":142,"s:347:8:347:Infinity":143,"s:351:4:359:Infinity":144,"f:351:14:351:20":24,"b:352:8:352:Infinity:undefined:undefined:undefined:undefined":19,"s:352:8:352:Infinity":145,"s:352:27:352:Infinity":146,"s:354:25:356:Infinity":147,"f:354:37:354:43":25,"s:355:12:355:Infinity":148,"s:358:8:358:Infinity":149,"f:358:15:358:21":26,"s:358:21:358:Infinity":150,"s:362:4:390:Infinity":151,"f:362:14:362:20":27,"b:363:8:363:Infinity:undefined:undefined:undefined:undefined":20,"s:363:8:363:Infinity":152,"s:363:24:363:Infinity":153,"s:365:25:387:Infinity":154,"f:365:37:365:43":28,"s:366:12:366:Infinity":155,"b:369:12:371:Infinity:undefined:undefined:undefined:undefined":21,"s:369:12:371:Infinity":156,"s:370:16:370:Infinity":157,"b:374:12:376:Infinity:undefined:undefined:undefined:undefined":22,"s:374:12:376:Infinity":158,"s:375:16:375:Infinity":159,"b:379:12:381:Infinity:undefined:undefined:undefined:undefined":23,"s:379:12:381:Infinity":160,"s:380:16:380:Infinity":161,"b:384:12:386:Infinity:undefined:undefined:undefined:undefined":24,"s:384:12:386:Infinity":162,"s:385:16:385:Infinity":163,"s:389:8:389:Infinity":164,"f:389:15:389:21":29,"s:389:21:389:Infinity":165,"s:392:4:591:Infinity":166,"f:409:42:409:43":30,"s:409:49:409:Infinity":167,"f:420:42:420:43":31,"s:420:49:420:Infinity":168,"f:430:42:430:43":32,"s:430:49:430:Infinity":169,"f:444:42:444:43":33,"s:444:49:444:Infinity":170,"f:460:42:460:43":34,"s:460:49:460:Infinity":171,"b:469:28:471:Infinity:473:28:475:Infinity":25,"f:480:37:480:43":35,"s:481:32:481:Infinity":172,"s:482:32:482:Infinity":173,"s:483:32:483:Infinity":174,"s:484:32:484:Infinity":175,"s:485:32:485:Infinity":176,"b:498:28:504:Infinity:506:28:508:Infinity":26,"b:579:28:579:Infinity:581:28:586:Infinity":27,"f:581:37:581:38":36,"s:582:32:585:Infinity":177}}}}}