{ "meta": { "format": 3, "version": "7.11.0", "timestamp": "2025-11-06T16:26:12.294188", "branch_coverage": false, "show_contexts": false }, "files": { "app/__init__.py": { "executed_lines": [ 0 ], "summary": { "covered_lines": 0, "num_statements": 0, "percent_covered": 100.0, "percent_covered_display": "100", "missing_lines": 0, "excluded_lines": 0 }, "missing_lines": [ ], "excluded_lines": [ ], "functions": { "": { "executed_lines": [ ], "summary": { "covered_lines": 0, "num_statements": 0, "percent_covered": 100.0, "percent_covered_display": "100", "missing_lines": 0, "excluded_lines": 0 }, "missing_lines": [ ], "excluded_lines": [ ] } }, "classes": { "": { "executed_lines": [ ], "summary": { "covered_lines": 0, "num_statements": 0, "percent_covered": 100.0, "percent_covered_display": "100", "missing_lines": 0, "excluded_lines": 0 }, "missing_lines": [ ], "excluded_lines": [ ] } } }, "app/api/routes.py": { "executed_lines": [ 1, 2, 11, 13, 14, 15, 16, 17, 18 ], "summary": { "covered_lines": 9, "num_statements": 9, "percent_covered": 100.0, "percent_covered_display": "100", "missing_lines": 0, "excluded_lines": 0 }, "missing_lines": [ ], "excluded_lines": [ ], "functions": { "": { "executed_lines": [ 1, 2, 11, 13, 14, 15, 16, 17, 18 ], "summary": { "covered_lines": 9, "num_statements": 9, "percent_covered": 100.0, "percent_covered_display": "100", "missing_lines": 0, "excluded_lines": 0 }, "missing_lines": [ ], "excluded_lines": [ ] } }, "classes": { "": { "executed_lines": [ 1, 2, 11, 13, 14, 15, 16, 17, 18 ], "summary": { "covered_lines": 9, "num_statements": 9, "percent_covered": 100.0, "percent_covered_display": "100", "missing_lines": 0, "excluded_lines": 0 }, "missing_lines": [ ], "excluded_lines": [ ] } } }, "app/api/v1/__init__.py": { "executed_lines": [ 0 ], "summary": { "covered_lines": 0, "num_statements": 0, "percent_covered": 100.0, "percent_covered_display": "100", "missing_lines": 0, "excluded_lines": 0 }, "missing_lines": [ ], "excluded_lines": [ ], "functions": { "": { "executed_lines": [ ], "summary": { "covered_lines": 0, "num_statements": 0, "percent_covered": 100.0, "percent_covered_display": "100", "missing_lines": 0, "excluded_lines": 0 }, "missing_lines": [ ], "excluded_lines": [ ] } }, "classes": { "": { "executed_lines": [ ], "summary": { "covered_lines": 0, "num_statements": 0, "percent_covered": 100.0, "percent_covered_display": "100", "missing_lines": 0, "excluded_lines": 0 }, "missing_lines": [ ], "excluded_lines": [ ] } } }, "app/api/v1/endpoints/__init__.py": { "executed_lines": [ 1, 3 ], "summary": { "covered_lines": 2, "num_statements": 2, "percent_covered": 100.0, "percent_covered_display": "100", "missing_lines": 0, "excluded_lines": 0 }, "missing_lines": [ ], "excluded_lines": [ ], "functions": { "": { "executed_lines": [ 1, 3 ], "summary": { "covered_lines": 2, "num_statements": 2, "percent_covered": 100.0, "percent_covered_display": "100", "missing_lines": 0, "excluded_lines": 0 }, "missing_lines": [ ], "excluded_lines": [ ] } }, "classes": { "": { "executed_lines": [ 1, 3 ], "summary": { "covered_lines": 2, "num_statements": 2, "percent_covered": 100.0, "percent_covered_display": "100", "missing_lines": 0, "excluded_lines": 0 }, "missing_lines": [ ], "excluded_lines": [ ] } } }, "app/api/v1/endpoints/app_activity.py": { "executed_lines": [ 1, 2, 3, 4, 5, 6, 8, 9, 11, 13, 14, 15, 16, 17, 19, 20, 21, 22, 23, 25, 26, 36, 37 ], "summary": { "covered_lines": 23, "num_statements": 30, "percent_covered": 76.66666666666667, "percent_covered_display": "77", "missing_lines": 7, "excluded_lines": 0 }, "missing_lines": [ 27, 32, 33, 34, 38, 39, 40 ], "excluded_lines": [ ], "functions": { "create_app_activity": { "executed_lines": [ ], "summary": { "covered_lines": 0, "num_statements": 4, "percent_covered": 0.0, "percent_covered_display": "0", "missing_lines": 4, "excluded_lines": 0 }, "missing_lines": [ 27, 32, 33, 34 ], "excluded_lines": [ ] }, "get_app_activities": { "executed_lines": [ ], "summary": { "covered_lines": 0, "num_statements": 3, "percent_covered": 0.0, "percent_covered_display": "0", "missing_lines": 3, "excluded_lines": 0 }, "missing_lines": [ 38, 39, 40 ], "excluded_lines": [ ] }, "": { "executed_lines": [ 1, 2, 3, 4, 5, 6, 8, 9, 11, 13, 14, 15, 16, 17, 19, 20, 21, 22, 23, 25, 26, 36, 37 ], "summary": { "covered_lines": 23, "num_statements": 23, "percent_covered": 100.0, "percent_covered_display": "100", "missing_lines": 0, "excluded_lines": 0 }, "missing_lines": [ ], "excluded_lines": [ ] } }, "classes": { "AppActivityCreate": { "executed_lines": [ ], "summary": { "covered_lines": 0, "num_statements": 0, "percent_covered": 100.0, "percent_covered_display": "100", "missing_lines": 0, "excluded_lines": 0 }, "missing_lines": [ ], "excluded_lines": [ ] }, "AppActivityResponse": { "executed_lines": [ ], "summary": { "covered_lines": 0, "num_statements": 0, "percent_covered": 100.0, "percent_covered_display": "100", "missing_lines": 0, "excluded_lines": 0 }, "missing_lines": [ ], "excluded_lines": [ ] }, "": { "executed_lines": [ 1, 2, 3, 4, 5, 6, 8, 9, 11, 13, 14, 15, 16, 17, 19, 20, 21, 22, 23, 25, 26, 36, 37 ], "summary": { "covered_lines": 23, "num_statements": 30, "percent_covered": 76.66666666666667, "percent_covered_display": "77", "missing_lines": 7, "excluded_lines": 0 }, "missing_lines": [ 27, 32, 33, 34, 38, 39, 40 ], "excluded_lines": [ ] } } }, "app/api/v1/endpoints/devices.py": { "executed_lines": [ 1, 2, 3, 4, 5, 6, 7, 8, 9, 10, 12, 15, 16, 72, 73, 111, 112, 151, 152, 185, 186, 223, 224, 225, 245, 246, 251, 272, 273, 278, 298, 299, 304, 325, 326, 338, 339, 378, 379, 404, 405, 424, 425, 443, 444 ], "summary": { "covered_lines": 45, "num_statements": 193, "percent_covered": 23.316062176165804, "percent_covered_display": "23", "missing_lines": 148, "excluded_lines": 0 }, "missing_lines": [ 18, 19, 20, 23, 25, 26, 27, 29, 30, 31, 32, 33, 34, 35, 36, 37, 38, 39, 40, 42, 54, 55, 56, 61, 62, 63, 64, 65, 67, 69, 74, 86, 87, 89, 90, 91, 92, 104, 105, 107, 108, 114, 115, 116, 117, 118, 127, 128, 129, 131, 132, 133, 134, 145, 146, 147, 148, 153, 154, 155, 156, 164, 165, 166, 168, 169, 170, 171, 172, 179, 180, 181, 182, 187, 188, 189, 190, 199, 200, 201, 203, 204, 205, 206, 207, 216, 217, 219, 220, 226, 228, 229, 230, 242, 256, 257, 258, 259, 269, 283, 284, 285, 286, 295, 309, 310, 311, 312, 322, 328, 334, 335, 345, 348, 349, 350, 353, 354, 355, 356, 357, 358, 361, 362, 363, 364, 370, 371, 373, 375, 386, 387, 388, 389, 391, 397, 398, 399, 401, 407, 408, 409, 427, 428, 429, 446, 447, 448 ], "excluded_lines": [ ], "functions": { "register_device": { "executed_lines": [ ], "summary": { "covered_lines": 0, "num_statements": 30, "percent_covered": 0.0, "percent_covered_display": "0", "missing_lines": 30, "excluded_lines": 0 }, "missing_lines": [ 18, 19, 20, 23, 25, 26, 27, 29, 30, 31, 32, 33, 34, 35, 36, 37, 38, 39, 40, 42, 54, 55, 56, 61, 62, 63, 64, 65, 67, 69 ], "excluded_lines": [ ] }, "post_metrics": { "executed_lines": [ ], "summary": { "covered_lines": 0, "num_statements": 11, "percent_covered": 0.0, "percent_covered_display": "0", "missing_lines": 11, "excluded_lines": 0 }, "missing_lines": [ 74, 86, 87, 89, 90, 91, 92, 104, 105, 107, 108 ], "excluded_lines": [ ] }, "post_processes": { "executed_lines": [ ], "summary": { "covered_lines": 0, "num_statements": 16, "percent_covered": 0.0, "percent_covered_display": "0", "missing_lines": 16, "excluded_lines": 0 }, "missing_lines": [ 114, 115, 116, 117, 118, 127, 128, 129, 131, 132, 133, 134, 145, 146, 147, 148 ], "excluded_lines": [ ] }, "post_activity": { "executed_lines": [ ], "summary": { "covered_lines": 0, "num_statements": 16, "percent_covered": 0.0, "percent_covered_display": "0", "missing_lines": 16, "excluded_lines": 0 }, "missing_lines": [ 153, 154, 155, 156, 164, 165, 166, 168, 169, 170, 171, 172, 179, 180, 181, 182 ], "excluded_lines": [ ] }, "post_alerts": { "executed_lines": [ ], "summary": { "covered_lines": 0, "num_statements": 16, "percent_covered": 0.0, "percent_covered_display": "0", "missing_lines": 16, "excluded_lines": 0 }, "missing_lines": [ 187, 188, 189, 190, 199, 200, 201, 203, 204, 205, 206, 207, 216, 217, 219, 220 ], "excluded_lines": [ ] }, "list_devices": { "executed_lines": [ 225 ], "summary": { "covered_lines": 1, "num_statements": 6, "percent_covered": 16.666666666666668, "percent_covered_display": "17", "missing_lines": 5, "excluded_lines": 0 }, "missing_lines": [ 226, 228, 229, 230, 242 ], "excluded_lines": [ ] }, "list_all_processes": { "executed_lines": [ 251 ], "summary": { "covered_lines": 1, "num_statements": 6, "percent_covered": 16.666666666666668, "percent_covered_display": "17", "missing_lines": 5, "excluded_lines": 0 }, "missing_lines": [ 256, 257, 258, 259, 269 ], "excluded_lines": [ ] }, "list_all_activities": { "executed_lines": [ 278 ], "summary": { "covered_lines": 1, "num_statements": 6, "percent_covered": 16.666666666666668, "percent_covered_display": "17", "missing_lines": 5, "excluded_lines": 0 }, "missing_lines": [ 283, 284, 285, 286, 295 ], "excluded_lines": [ ] }, "list_all_alerts": { "executed_lines": [ 304 ], "summary": { "covered_lines": 1, "num_statements": 6, "percent_covered": 16.666666666666668, "percent_covered_display": "17", "missing_lines": 5, "excluded_lines": 0 }, "missing_lines": [ 309, 310, 311, 312, 322 ], "excluded_lines": [ ] }, "get_pending_commands": { "executed_lines": [ ], "summary": { "covered_lines": 0, "num_statements": 3, "percent_covered": 0.0, "percent_covered_display": "0", "missing_lines": 3, "excluded_lines": 0 }, "missing_lines": [ 328, 334, 335 ], "excluded_lines": [ ] }, "submit_command_result": { "executed_lines": [ ], "summary": { "covered_lines": 0, "num_statements": 18, "percent_covered": 0.0, "percent_covered_display": "0", "missing_lines": 18, "excluded_lines": 0 }, "missing_lines": [ 345, 348, 349, 350, 353, 354, 355, 356, 357, 358, 361, 362, 363, 364, 370, 371, 373, 375 ], "excluded_lines": [ ] }, "create_command": { "executed_lines": [ ], "summary": { "covered_lines": 0, "num_statements": 9, "percent_covered": 0.0, "percent_covered_display": "0", "missing_lines": 9, "excluded_lines": 0 }, "missing_lines": [ 386, 387, 388, 389, 391, 397, 398, 399, 401 ], "excluded_lines": [ ] }, "get_all_processes": { "executed_lines": [ ], "summary": { "covered_lines": 0, "num_statements": 3, "percent_covered": 0.0, "percent_covered_display": "0", "missing_lines": 3, "excluded_lines": 0 }, "missing_lines": [ 407, 408, 409 ], "excluded_lines": [ ] }, "get_all_activities": { "executed_lines": [ ], "summary": { "covered_lines": 0, "num_statements": 3, "percent_covered": 0.0, "percent_covered_display": "0", "missing_lines": 3, "excluded_lines": 0 }, "missing_lines": [ 427, 428, 429 ], "excluded_lines": [ ] }, "get_all_alerts": { "executed_lines": [ ], "summary": { "covered_lines": 0, "num_statements": 3, "percent_covered": 0.0, "percent_covered_display": "0", "missing_lines": 3, "excluded_lines": 0 }, "missing_lines": [ 446, 447, 448 ], "excluded_lines": [ ] }, "": { "executed_lines": [ 1, 2, 3, 4, 5, 6, 7, 8, 9, 10, 12, 15, 16, 72, 73, 111, 112, 151, 152, 185, 186, 223, 224, 245, 246, 272, 273, 298, 299, 325, 326, 338, 339, 378, 379, 404, 405, 424, 425, 443, 444 ], "summary": { "covered_lines": 41, "num_statements": 41, "percent_covered": 100.0, "percent_covered_display": "100", "missing_lines": 0, "excluded_lines": 0 }, "missing_lines": [ ], "excluded_lines": [ ] } }, "classes": { "": { "executed_lines": [ 1, 2, 3, 4, 5, 6, 7, 8, 9, 10, 12, 15, 16, 72, 73, 111, 112, 151, 152, 185, 186, 223, 224, 225, 245, 246, 251, 272, 273, 278, 298, 299, 304, 325, 326, 338, 339, 378, 379, 404, 405, 424, 425, 443, 444 ], "summary": { "covered_lines": 45, "num_statements": 193, "percent_covered": 23.316062176165804, "percent_covered_display": "23", "missing_lines": 148, "excluded_lines": 0 }, "missing_lines": [ 18, 19, 20, 23, 25, 26, 27, 29, 30, 31, 32, 33, 34, 35, 36, 37, 38, 39, 40, 42, 54, 55, 56, 61, 62, 63, 64, 65, 67, 69, 74, 86, 87, 89, 90, 91, 92, 104, 105, 107, 108, 114, 115, 116, 117, 118, 127, 128, 129, 131, 132, 133, 134, 145, 146, 147, 148, 153, 154, 155, 156, 164, 165, 166, 168, 169, 170, 171, 172, 179, 180, 181, 182, 187, 188, 189, 190, 199, 200, 201, 203, 204, 205, 206, 207, 216, 217, 219, 220, 226, 228, 229, 230, 242, 256, 257, 258, 259, 269, 283, 284, 285, 286, 295, 309, 310, 311, 312, 322, 328, 334, 335, 345, 348, 349, 350, 353, 354, 355, 356, 357, 358, 361, 362, 363, 364, 370, 371, 373, 375, 386, 387, 388, 389, 391, 397, 398, 399, 401, 407, 408, 409, 427, 428, 429, 446, 447, 448 ], "excluded_lines": [ ] } } }, "app/api/v1/endpoints/keystrokes.py": { "executed_lines": [ 1, 2, 3, 4, 5, 6, 8, 9, 11, 13, 14, 15, 16, 18, 19, 20, 21, 22, 24, 25, 31, 32, 33 ], "summary": { "covered_lines": 23, "num_statements": 29, "percent_covered": 79.3103448275862, "percent_covered_display": "79", "missing_lines": 6, "excluded_lines": 0 }, "missing_lines": [ 26, 27, 28, 29, 34, 35 ], "excluded_lines": [ ], "functions": { "create_keystroke": { "executed_lines": [ ], "summary": { "covered_lines": 0, "num_statements": 4, "percent_covered": 0.0, "percent_covered_display": "0", "missing_lines": 4, "excluded_lines": 0 }, "missing_lines": [ 26, 27, 28, 29 ], "excluded_lines": [ ] }, "get_keystrokes": { "executed_lines": [ 33 ], "summary": { "covered_lines": 1, "num_statements": 3, "percent_covered": 33.333333333333336, "percent_covered_display": "33", "missing_lines": 2, "excluded_lines": 0 }, "missing_lines": [ 34, 35 ], "excluded_lines": [ ] }, "": { "executed_lines": [ 1, 2, 3, 4, 5, 6, 8, 9, 11, 13, 14, 15, 16, 18, 19, 20, 21, 22, 24, 25, 31, 32 ], "summary": { "covered_lines": 22, "num_statements": 22, "percent_covered": 100.0, "percent_covered_display": "100", "missing_lines": 0, "excluded_lines": 0 }, "missing_lines": [ ], "excluded_lines": [ ] } }, "classes": { "KeystrokeCreate": { "executed_lines": [ ], "summary": { "covered_lines": 0, "num_statements": 0, "percent_covered": 100.0, "percent_covered_display": "100", "missing_lines": 0, "excluded_lines": 0 }, "missing_lines": [ ], "excluded_lines": [ ] }, "KeystrokeResponse": { "executed_lines": [ ], "summary": { "covered_lines": 0, "num_statements": 0, "percent_covered": 100.0, "percent_covered_display": "100", "missing_lines": 0, "excluded_lines": 0 }, "missing_lines": [ ], "excluded_lines": [ ] }, "": { "executed_lines": [ 1, 2, 3, 4, 5, 6, 8, 9, 11, 13, 14, 15, 16, 18, 19, 20, 21, 22, 24, 25, 31, 32, 33 ], "summary": { "covered_lines": 23, "num_statements": 29, "percent_covered": 79.3103448275862, "percent_covered_display": "79", "missing_lines": 6, "excluded_lines": 0 }, "missing_lines": [ 26, 27, 28, 29, 34, 35 ], "excluded_lines": [ ] } } }, "app/api/v1/endpoints/locations.py": { "executed_lines": [ 1, 2, 3, 4, 5, 6, 8, 9, 11, 13, 14, 15, 16, 17, 19, 20, 21, 22, 23, 24, 26, 27, 39, 40, 41 ], "summary": { "covered_lines": 25, "num_statements": 31, "percent_covered": 80.64516129032258, "percent_covered_display": "81", "missing_lines": 6, "excluded_lines": 0 }, "missing_lines": [ 28, 29, 30, 31, 42, 43 ], "excluded_lines": [ ], "functions": { "create_location": { "executed_lines": [ ], "summary": { "covered_lines": 0, "num_statements": 4, "percent_covered": 0.0, "percent_covered_display": "0", "missing_lines": 4, "excluded_lines": 0 }, "missing_lines": [ 28, 29, 30, 31 ], "excluded_lines": [ ] }, "get_locations": { "executed_lines": [ 41 ], "summary": { "covered_lines": 1, "num_statements": 3, "percent_covered": 33.333333333333336, "percent_covered_display": "33", "missing_lines": 2, "excluded_lines": 0 }, "missing_lines": [ 42, 43 ], "excluded_lines": [ ] }, "": { "executed_lines": [ 1, 2, 3, 4, 5, 6, 8, 9, 11, 13, 14, 15, 16, 17, 19, 20, 21, 22, 23, 24, 26, 27, 39, 40 ], "summary": { "covered_lines": 24, "num_statements": 24, "percent_covered": 100.0, "percent_covered_display": "100", "missing_lines": 0, "excluded_lines": 0 }, "missing_lines": [ ], "excluded_lines": [ ] } }, "classes": { "LocationCreate": { "executed_lines": [ ], "summary": { "covered_lines": 0, "num_statements": 0, "percent_covered": 100.0, "percent_covered_display": "100", "missing_lines": 0, "excluded_lines": 0 }, "missing_lines": [ ], "excluded_lines": [ ] }, "LocationResponse": { "executed_lines": [ ], "summary": { "covered_lines": 0, "num_statements": 0, "percent_covered": 100.0, "percent_covered_display": "100", "missing_lines": 0, "excluded_lines": 0 }, "missing_lines": [ ], "excluded_lines": [ ] }, "": { "executed_lines": [ 1, 2, 3, 4, 5, 6, 8, 9, 11, 13, 14, 15, 16, 17, 19, 20, 21, 22, 23, 24, 26, 27, 39, 40, 41 ], "summary": { "covered_lines": 25, "num_statements": 31, "percent_covered": 80.64516129032258, "percent_covered_display": "81", "missing_lines": 6, "excluded_lines": 0 }, "missing_lines": [ 28, 29, 30, 31, 42, 43 ], "excluded_lines": [ ] } } }, "app/api/v1/endpoints/screenshots.py": { "executed_lines": [ 1, 2, 3, 4, 5, 6, 7, 8, 9, 11, 12, 13, 14, 16, 17, 20, 22, 23, 24, 25, 27, 28, 29, 30, 31, 33, 34, 92, 93, 105, 106, 107 ], "summary": { "covered_lines": 32, "num_statements": 61, "percent_covered": 52.459016393442624, "percent_covered_display": "52", "missing_lines": 29, "excluded_lines": 0 }, "missing_lines": [ 39, 41, 42, 45, 46, 49, 50, 53, 59, 60, 63, 64, 65, 66, 73, 74, 76, 77, 79, 81, 83, 89, 90, 95, 96, 97, 98, 108, 109 ], "excluded_lines": [ ], "functions": { "create_screenshot": { "executed_lines": [ ], "summary": { "covered_lines": 0, "num_statements": 23, "percent_covered": 0.0, "percent_covered_display": "0", "missing_lines": 23, "excluded_lines": 0 }, "missing_lines": [ 39, 41, 42, 45, 46, 49, 50, 53, 59, 60, 63, 64, 65, 66, 73, 74, 76, 77, 79, 81, 83, 89, 90 ], "excluded_lines": [ ] }, "create_screenshot_json": { "executed_lines": [ ], "summary": { "covered_lines": 0, "num_statements": 4, "percent_covered": 0.0, "percent_covered_display": "0", "missing_lines": 4, "excluded_lines": 0 }, "missing_lines": [ 95, 96, 97, 98 ], "excluded_lines": [ ] }, "get_screenshots": { "executed_lines": [ 107 ], "summary": { "covered_lines": 1, "num_statements": 3, "percent_covered": 33.333333333333336, "percent_covered_display": "33", "missing_lines": 2, "excluded_lines": 0 }, "missing_lines": [ 108, 109 ], "excluded_lines": [ ] }, "": { "executed_lines": [ 1, 2, 3, 4, 5, 6, 7, 8, 9, 11, 12, 13, 14, 16, 17, 20, 22, 23, 24, 25, 27, 28, 29, 30, 31, 33, 34, 92, 93, 105, 106 ], "summary": { "covered_lines": 31, "num_statements": 31, "percent_covered": 100.0, "percent_covered_display": "100", "missing_lines": 0, "excluded_lines": 0 }, "missing_lines": [ ], "excluded_lines": [ ] } }, "classes": { "ScreenshotCreate": { "executed_lines": [ ], "summary": { "covered_lines": 0, "num_statements": 0, "percent_covered": 100.0, "percent_covered_display": "100", "missing_lines": 0, "excluded_lines": 0 }, "missing_lines": [ ], "excluded_lines": [ ] }, "ScreenshotResponse": { "executed_lines": [ ], "summary": { "covered_lines": 0, "num_statements": 0, "percent_covered": 100.0, "percent_covered_display": "100", "missing_lines": 0, "excluded_lines": 0 }, "missing_lines": [ ], "excluded_lines": [ ] }, "": { "executed_lines": [ 1, 2, 3, 4, 5, 6, 7, 8, 9, 11, 12, 13, 14, 16, 17, 20, 22, 23, 24, 25, 27, 28, 29, 30, 31, 33, 34, 92, 93, 105, 106, 107 ], "summary": { "covered_lines": 32, "num_statements": 61, "percent_covered": 52.459016393442624, "percent_covered_display": "52", "missing_lines": 29, "excluded_lines": 0 }, "missing_lines": [ 39, 41, 42, 45, 46, 49, 50, 53, 59, 60, 63, 64, 65, 66, 73, 74, 76, 77, 79, 81, 83, 89, 90, 95, 96, 97, 98, 108, 109 ], "excluded_lines": [ ] } } }, "app/api/v1/endpoints/users.py": { "executed_lines": [ 2, 3, 4, 5, 6, 8, 9, 11, 13, 14, 15, 17, 18, 19, 20, 22, 23, 31, 32, 33 ], "summary": { "covered_lines": 20, "num_statements": 26, "percent_covered": 76.92307692307692, "percent_covered_display": "77", "missing_lines": 6, "excluded_lines": 0 }, "missing_lines": [ 24, 26, 27, 29, 34, 35 ], "excluded_lines": [ ], "functions": { "create_user": { "executed_lines": [ ], "summary": { "covered_lines": 0, "num_statements": 4, "percent_covered": 0.0, "percent_covered_display": "0", "missing_lines": 4, "excluded_lines": 0 }, "missing_lines": [ 24, 26, 27, 29 ], "excluded_lines": [ ] }, "get_users": { "executed_lines": [ 33 ], "summary": { "covered_lines": 1, "num_statements": 3, "percent_covered": 33.333333333333336, "percent_covered_display": "33", "missing_lines": 2, "excluded_lines": 0 }, "missing_lines": [ 34, 35 ], "excluded_lines": [ ] }, "": { "executed_lines": [ 2, 3, 4, 5, 6, 8, 9, 11, 13, 14, 15, 17, 18, 19, 20, 22, 23, 31, 32 ], "summary": { "covered_lines": 19, "num_statements": 19, "percent_covered": 100.0, "percent_covered_display": "100", "missing_lines": 0, "excluded_lines": 0 }, "missing_lines": [ ], "excluded_lines": [ ] } }, "classes": { "UserCreate": { "executed_lines": [ ], "summary": { "covered_lines": 0, "num_statements": 0, "percent_covered": 100.0, "percent_covered_display": "100", "missing_lines": 0, "excluded_lines": 0 }, "missing_lines": [ ], "excluded_lines": [ ] }, "UserResponse": { "executed_lines": [ ], "summary": { "covered_lines": 0, "num_statements": 0, "percent_covered": 100.0, "percent_covered_display": "100", "missing_lines": 0, "excluded_lines": 0 }, "missing_lines": [ ], "excluded_lines": [ ] }, "": { "executed_lines": [ 2, 3, 4, 5, 6, 8, 9, 11, 13, 14, 15, 17, 18, 19, 20, 22, 23, 31, 32, 33 ], "summary": { "covered_lines": 20, "num_statements": 26, "percent_covered": 76.92307692307692, "percent_covered_display": "77", "missing_lines": 6, "excluded_lines": 0 }, "missing_lines": [ 24, 26, 27, 29, 34, 35 ], "excluded_lines": [ ] } } }, "app/core/config.py": { "executed_lines": [ 1, 2, 3, 5, 7, 10, 13, 14, 15, 16, 19, 20, 26, 30 ], "summary": { "covered_lines": 14, "num_statements": 14, "percent_covered": 100.0, "percent_covered_display": "100", "missing_lines": 0, "excluded_lines": 0 }, "missing_lines": [ ], "excluded_lines": [ ], "functions": { "": { "executed_lines": [ 1, 2, 3, 5, 7, 10, 13, 14, 15, 16, 19, 20, 26, 30 ], "summary": { "covered_lines": 14, "num_statements": 14, "percent_covered": 100.0, "percent_covered_display": "100", "missing_lines": 0, "excluded_lines": 0 }, "missing_lines": [ ], "excluded_lines": [ ] } }, "classes": { "Settings": { "executed_lines": [ ], "summary": { "covered_lines": 0, "num_statements": 0, "percent_covered": 100.0, "percent_covered_display": "100", "missing_lines": 0, "excluded_lines": 0 }, "missing_lines": [ ], "excluded_lines": [ ] }, "": { "executed_lines": [ 1, 2, 3, 5, 7, 10, 13, 14, 15, 16, 19, 20, 26, 30 ], "summary": { "covered_lines": 14, "num_statements": 14, "percent_covered": 100.0, "percent_covered_display": "100", "missing_lines": 0, "excluded_lines": 0 }, "missing_lines": [ ], "excluded_lines": [ ] } } }, "app/core/cors.py": { "executed_lines": [ 1, 2, 4, 6, 7, 11, 12, 21 ], "summary": { "covered_lines": 8, "num_statements": 8, "percent_covered": 100.0, "percent_covered_display": "100", "missing_lines": 0, "excluded_lines": 0 }, "missing_lines": [ ], "excluded_lines": [ ], "functions": { "setup_cors": { "executed_lines": [ 6, 7, 11, 12, 21 ], "summary": { "covered_lines": 5, "num_statements": 5, "percent_covered": 100.0, "percent_covered_display": "100", "missing_lines": 0, "excluded_lines": 0 }, "missing_lines": [ ], "excluded_lines": [ ] }, "": { "executed_lines": [ 1, 2, 4 ], "summary": { "covered_lines": 3, "num_statements": 3, "percent_covered": 100.0, "percent_covered_display": "100", "missing_lines": 0, "excluded_lines": 0 }, "missing_lines": [ ], "excluded_lines": [ ] } }, "classes": { "": { "executed_lines": [ 1, 2, 4, 6, 7, 11, 12, 21 ], "summary": { "covered_lines": 8, "num_statements": 8, "percent_covered": 100.0, "percent_covered_display": "100", "missing_lines": 0, "excluded_lines": 0 }, "missing_lines": [ ], "excluded_lines": [ ] } } }, "app/db/base.py": { "executed_lines": [ 1, 3, 4 ], "summary": { "covered_lines": 3, "num_statements": 3, "percent_covered": 100.0, "percent_covered_display": "100", "missing_lines": 0, "excluded_lines": 0 }, "missing_lines": [ ], "excluded_lines": [ ], "functions": { "": { "executed_lines": [ 1, 3, 4 ], "summary": { "covered_lines": 3, "num_statements": 3, "percent_covered": 100.0, "percent_covered_display": "100", "missing_lines": 0, "excluded_lines": 0 }, "missing_lines": [ ], "excluded_lines": [ ] } }, "classes": { "Base": { "executed_lines": [ ], "summary": { "covered_lines": 0, "num_statements": 0, "percent_covered": 100.0, "percent_covered_display": "100", "missing_lines": 0, "excluded_lines": 0 }, "missing_lines": [ ], "excluded_lines": [ ] }, "": { "executed_lines": [ 1, 3, 4 ], "summary": { "covered_lines": 3, "num_statements": 3, "percent_covered": 100.0, "percent_covered_display": "100", "missing_lines": 0, "excluded_lines": 0 }, "missing_lines": [ ], "excluded_lines": [ ] } } }, "app/db/init_db.py": { "executed_lines": [ 1, 2, 4, 7 ], "summary": { "covered_lines": 4, "num_statements": 6, "percent_covered": 66.66666666666667, "percent_covered_display": "67", "missing_lines": 2, "excluded_lines": 0 }, "missing_lines": [ 8, 10 ], "excluded_lines": [ ], "functions": { "init_db": { "executed_lines": [ ], "summary": { "covered_lines": 0, "num_statements": 2, "percent_covered": 0.0, "percent_covered_display": "0", "missing_lines": 2, "excluded_lines": 0 }, "missing_lines": [ 8, 10 ], "excluded_lines": [ ] }, "": { "executed_lines": [ 1, 2, 4, 7 ], "summary": { "covered_lines": 4, "num_statements": 4, "percent_covered": 100.0, "percent_covered_display": "100", "missing_lines": 0, "excluded_lines": 0 }, "missing_lines": [ ], "excluded_lines": [ ] } }, "classes": { "": { "executed_lines": [ 1, 2, 4, 7 ], "summary": { "covered_lines": 4, "num_statements": 6, "percent_covered": 66.66666666666667, "percent_covered_display": "67", "missing_lines": 2, "excluded_lines": 0 }, "missing_lines": [ 8, 10 ], "excluded_lines": [ ] } } }, "app/db/session.py": { "executed_lines": [ 1, 2, 3, 4, 7, 10, 13, 22, 28, 30, 37, 38, 39 ], "summary": { "covered_lines": 13, "num_statements": 20, "percent_covered": 65.0, "percent_covered_display": "65", "missing_lines": 7, "excluded_lines": 0 }, "missing_lines": [ 15, 16, 17, 18, 19, 20, 23 ], "excluded_lines": [ ], "functions": { "get_db": { "executed_lines": [ 38, 39 ], "summary": { "covered_lines": 2, "num_statements": 2, "percent_covered": 100.0, "percent_covered_display": "100", "missing_lines": 0, "excluded_lines": 0 }, "missing_lines": [ ], "excluded_lines": [ ] }, "": { "executed_lines": [ 1, 2, 3, 4, 7, 10, 13, 22, 28, 30, 37 ], "summary": { "covered_lines": 11, "num_statements": 18, "percent_covered": 61.111111111111114, "percent_covered_display": "61", "missing_lines": 7, "excluded_lines": 0 }, "missing_lines": [ 15, 16, 17, 18, 19, 20, 23 ], "excluded_lines": [ ] } }, "classes": { "": { "executed_lines": [ 1, 2, 3, 4, 7, 10, 13, 22, 28, 30, 37, 38, 39 ], "summary": { "covered_lines": 13, "num_statements": 20, "percent_covered": 65.0, "percent_covered_display": "65", "missing_lines": 7, "excluded_lines": 0 }, "missing_lines": [ 15, 16, 17, 18, 19, 20, 23 ], "excluded_lines": [ ] } } }, "app/main.py": { "executed_lines": [ 1, 2, 3, 4, 5, 8, 9, 20, 31, 33, 36, 37 ], "summary": { "covered_lines": 12, "num_statements": 18, "percent_covered": 66.66666666666667, "percent_covered_display": "67", "missing_lines": 6, "excluded_lines": 0 }, "missing_lines": [ 11, 12, 13, 15, 16, 38 ], "excluded_lines": [ ], "functions": { "lifespan": { "executed_lines": [ ], "summary": { "covered_lines": 0, "num_statements": 5, "percent_covered": 0.0, "percent_covered_display": "0", "missing_lines": 5, "excluded_lines": 0 }, "missing_lines": [ 11, 12, 13, 15, 16 ], "excluded_lines": [ ] }, "health_check": { "executed_lines": [ ], "summary": { "covered_lines": 0, "num_statements": 1, "percent_covered": 0.0, "percent_covered_display": "0", "missing_lines": 1, "excluded_lines": 0 }, "missing_lines": [ 38 ], "excluded_lines": [ ] }, "": { "executed_lines": [ 1, 2, 3, 4, 5, 8, 9, 20, 31, 33, 36, 37 ], "summary": { "covered_lines": 12, "num_statements": 12, "percent_covered": 100.0, "percent_covered_display": "100", "missing_lines": 0, "excluded_lines": 0 }, "missing_lines": [ ], "excluded_lines": [ ] } }, "classes": { "": { "executed_lines": [ 1, 2, 3, 4, 5, 8, 9, 20, 31, 33, 36, 37 ], "summary": { "covered_lines": 12, "num_statements": 18, "percent_covered": 66.66666666666667, "percent_covered_display": "67", "missing_lines": 6, "excluded_lines": 0 }, "missing_lines": [ 11, 12, 13, 15, 16, 38 ], "excluded_lines": [ ] } } }, "app/models/__init__.py": { "executed_lines": [ 1, 2, 3, 4, 5, 6, 9, 10, 11, 12, 13, 15 ], "summary": { "covered_lines": 12, "num_statements": 12, "percent_covered": 100.0, "percent_covered_display": "100", "missing_lines": 0, "excluded_lines": 0 }, "missing_lines": [ ], "excluded_lines": [ ], "functions": { "": { "executed_lines": [ 1, 2, 3, 4, 5, 6, 9, 10, 11, 12, 13, 15 ], "summary": { "covered_lines": 12, "num_statements": 12, "percent_covered": 100.0, "percent_covered_display": "100", "missing_lines": 0, "excluded_lines": 0 }, "missing_lines": [ ], "excluded_lines": [ ] } }, "classes": { "": { "executed_lines": [ 1, 2, 3, 4, 5, 6, 9, 10, 11, 12, 13, 15 ], "summary": { "covered_lines": 12, "num_statements": 12, "percent_covered": 100.0, "percent_covered_display": "100", "missing_lines": 0, "excluded_lines": 0 }, "missing_lines": [ ], "excluded_lines": [ ] } } }, "app/models/app_activity.py": { "executed_lines": [ 1, 2, 3, 4, 5, 7, 8, 10, 12, 13, 14, 15, 17 ], "summary": { "covered_lines": 13, "num_statements": 13, "percent_covered": 100.0, "percent_covered_display": "100", "missing_lines": 0, "excluded_lines": 0 }, "missing_lines": [ ], "excluded_lines": [ ], "functions": { "": { "executed_lines": [ 1, 2, 3, 4, 5, 7, 8, 10, 12, 13, 14, 15, 17 ], "summary": { "covered_lines": 13, "num_statements": 13, "percent_covered": 100.0, "percent_covered_display": "100", "missing_lines": 0, "excluded_lines": 0 }, "missing_lines": [ ], "excluded_lines": [ ] } }, "classes": { "AppActivity": { "executed_lines": [ ], "summary": { "covered_lines": 0, "num_statements": 0, "percent_covered": 100.0, "percent_covered_display": "100", "missing_lines": 0, "excluded_lines": 0 }, "missing_lines": [ ], "excluded_lines": [ ] }, "": { "executed_lines": [ 1, 2, 3, 4, 5, 7, 8, 10, 12, 13, 14, 15, 17 ], "summary": { "covered_lines": 13, "num_statements": 13, "percent_covered": 100.0, "percent_covered_display": "100", "missing_lines": 0, "excluded_lines": 0 }, "missing_lines": [ ], "excluded_lines": [ ] } } }, "app/models/devices.py": { "executed_lines": [ 1, 2, 3, 4, 5, 8, 9, 11, 12, 13, 14, 15, 16, 17, 18, 19, 20, 23, 24, 26, 27, 28, 30, 31, 33, 34, 35, 37, 38, 40, 41, 44, 45, 47, 48, 49, 50, 51, 52, 53, 54, 57, 58, 60, 61, 62, 63, 64, 65, 66, 69, 70, 72, 73, 74, 75, 76, 77, 78, 79, 82, 83, 85, 86, 87, 88, 89, 90, 91, 92, 95, 96, 98, 99, 100, 101, 102, 103 ], "summary": { "covered_lines": 78, "num_statements": 78, "percent_covered": 100.0, "percent_covered_display": "100", "missing_lines": 0, "excluded_lines": 0 }, "missing_lines": [ ], "excluded_lines": [ ], "functions": { "": { "executed_lines": [ 1, 2, 3, 4, 5, 8, 9, 11, 12, 13, 14, 15, 16, 17, 18, 19, 20, 23, 24, 26, 27, 28, 30, 31, 33, 34, 35, 37, 38, 40, 41, 44, 45, 47, 48, 49, 50, 51, 52, 53, 54, 57, 58, 60, 61, 62, 63, 64, 65, 66, 69, 70, 72, 73, 74, 75, 76, 77, 78, 79, 82, 83, 85, 86, 87, 88, 89, 90, 91, 92, 95, 96, 98, 99, 100, 101, 102, 103 ], "summary": { "covered_lines": 78, "num_statements": 78, "percent_covered": 100.0, "percent_covered_display": "100", "missing_lines": 0, "excluded_lines": 0 }, "missing_lines": [ ], "excluded_lines": [ ] } }, "classes": { "Device": { "executed_lines": [ ], "summary": { "covered_lines": 0, "num_statements": 0, "percent_covered": 100.0, "percent_covered_display": "100", "missing_lines": 0, "excluded_lines": 0 }, "missing_lines": [ ], "excluded_lines": [ ] }, "DeviceMetrics": { "executed_lines": [ ], "summary": { "covered_lines": 0, "num_statements": 0, "percent_covered": 100.0, "percent_covered_display": "100", "missing_lines": 0, "excluded_lines": 0 }, "missing_lines": [ ], "excluded_lines": [ ] }, "Process": { "executed_lines": [ ], "summary": { "covered_lines": 0, "num_statements": 0, "percent_covered": 100.0, "percent_covered_display": "100", "missing_lines": 0, "excluded_lines": 0 }, "missing_lines": [ ], "excluded_lines": [ ] }, "ActivityLog": { "executed_lines": [ ], "summary": { "covered_lines": 0, "num_statements": 0, "percent_covered": 100.0, "percent_covered_display": "100", "missing_lines": 0, "excluded_lines": 0 }, "missing_lines": [ ], "excluded_lines": [ ] }, "Alert": { "executed_lines": [ ], "summary": { "covered_lines": 0, "num_statements": 0, "percent_covered": 100.0, "percent_covered_display": "100", "missing_lines": 0, "excluded_lines": 0 }, "missing_lines": [ ], "excluded_lines": [ ] }, "RemoteCommand": { "executed_lines": [ ], "summary": { "covered_lines": 0, "num_statements": 0, "percent_covered": 100.0, "percent_covered_display": "100", "missing_lines": 0, "excluded_lines": 0 }, "missing_lines": [ ], "excluded_lines": [ ] }, "DeviceScreenshots": { "executed_lines": [ ], "summary": { "covered_lines": 0, "num_statements": 0, "percent_covered": 100.0, "percent_covered_display": "100", "missing_lines": 0, "excluded_lines": 0 }, "missing_lines": [ ], "excluded_lines": [ ] }, "": { "executed_lines": [ 1, 2, 3, 4, 5, 8, 9, 11, 12, 13, 14, 15, 16, 17, 18, 19, 20, 23, 24, 26, 27, 28, 30, 31, 33, 34, 35, 37, 38, 40, 41, 44, 45, 47, 48, 49, 50, 51, 52, 53, 54, 57, 58, 60, 61, 62, 63, 64, 65, 66, 69, 70, 72, 73, 74, 75, 76, 77, 78, 79, 82, 83, 85, 86, 87, 88, 89, 90, 91, 92, 95, 96, 98, 99, 100, 101, 102, 103 ], "summary": { "covered_lines": 78, "num_statements": 78, "percent_covered": 100.0, "percent_covered_display": "100", "missing_lines": 0, "excluded_lines": 0 }, "missing_lines": [ ], "excluded_lines": [ ] } } }, "app/models/keystrokes.py": { "executed_lines": [ 1, 2, 3, 4, 5, 7, 8, 10, 12, 13, 14 ], "summary": { "covered_lines": 11, "num_statements": 11, "percent_covered": 100.0, "percent_covered_display": "100", "missing_lines": 0, "excluded_lines": 0 }, "missing_lines": [ ], "excluded_lines": [ ], "functions": { "": { "executed_lines": [ 1, 2, 3, 4, 5, 7, 8, 10, 12, 13, 14 ], "summary": { "covered_lines": 11, "num_statements": 11, "percent_covered": 100.0, "percent_covered_display": "100", "missing_lines": 0, "excluded_lines": 0 }, "missing_lines": [ ], "excluded_lines": [ ] } }, "classes": { "Keystroke": { "executed_lines": [ ], "summary": { "covered_lines": 0, "num_statements": 0, "percent_covered": 100.0, "percent_covered_display": "100", "missing_lines": 0, "excluded_lines": 0 }, "missing_lines": [ ], "excluded_lines": [ ] }, "": { "executed_lines": [ 1, 2, 3, 4, 5, 7, 8, 10, 12, 13, 14 ], "summary": { "covered_lines": 11, "num_statements": 11, "percent_covered": 100.0, "percent_covered_display": "100", "missing_lines": 0, "excluded_lines": 0 }, "missing_lines": [ ], "excluded_lines": [ ] } } }, "app/models/locations.py": { "executed_lines": [ 1, 2, 3, 4, 5, 7, 8, 10, 12, 13, 14, 15 ], "summary": { "covered_lines": 12, "num_statements": 12, "percent_covered": 100.0, "percent_covered_display": "100", "missing_lines": 0, "excluded_lines": 0 }, "missing_lines": [ ], "excluded_lines": [ ], "functions": { "": { "executed_lines": [ 1, 2, 3, 4, 5, 7, 8, 10, 12, 13, 14, 15 ], "summary": { "covered_lines": 12, "num_statements": 12, "percent_covered": 100.0, "percent_covered_display": "100", "missing_lines": 0, "excluded_lines": 0 }, "missing_lines": [ ], "excluded_lines": [ ] } }, "classes": { "Location": { "executed_lines": [ ], "summary": { "covered_lines": 0, "num_statements": 0, "percent_covered": 100.0, "percent_covered_display": "100", "missing_lines": 0, "excluded_lines": 0 }, "missing_lines": [ ], "excluded_lines": [ ] }, "": { "executed_lines": [ 1, 2, 3, 4, 5, 7, 8, 10, 12, 13, 14, 15 ], "summary": { "covered_lines": 12, "num_statements": 12, "percent_covered": 100.0, "percent_covered_display": "100", "missing_lines": 0, "excluded_lines": 0 }, "missing_lines": [ ], "excluded_lines": [ ] } } }, "app/models/screenshots.py": { "executed_lines": [ 1, 2, 3, 4, 5, 7, 8, 10, 12, 13, 14 ], "summary": { "covered_lines": 11, "num_statements": 11, "percent_covered": 100.0, "percent_covered_display": "100", "missing_lines": 0, "excluded_lines": 0 }, "missing_lines": [ ], "excluded_lines": [ ], "functions": { "": { "executed_lines": [ 1, 2, 3, 4, 5, 7, 8, 10, 12, 13, 14 ], "summary": { "covered_lines": 11, "num_statements": 11, "percent_covered": 100.0, "percent_covered_display": "100", "missing_lines": 0, "excluded_lines": 0 }, "missing_lines": [ ], "excluded_lines": [ ] } }, "classes": { "Screenshot": { "executed_lines": [ ], "summary": { "covered_lines": 0, "num_statements": 0, "percent_covered": 100.0, "percent_covered_display": "100", "missing_lines": 0, "excluded_lines": 0 }, "missing_lines": [ ], "excluded_lines": [ ] }, "": { "executed_lines": [ 1, 2, 3, 4, 5, 7, 8, 10, 12, 13, 14 ], "summary": { "covered_lines": 11, "num_statements": 11, "percent_covered": 100.0, "percent_covered_display": "100", "missing_lines": 0, "excluded_lines": 0 }, "missing_lines": [ ], "excluded_lines": [ ] } } }, "app/models/users.py": { "executed_lines": [ 1, 2, 3, 4, 5, 7, 8, 10, 11, 12, 13 ], "summary": { "covered_lines": 11, "num_statements": 11, "percent_covered": 100.0, "percent_covered_display": "100", "missing_lines": 0, "excluded_lines": 0 }, "missing_lines": [ ], "excluded_lines": [ ], "functions": { "": { "executed_lines": [ 1, 2, 3, 4, 5, 7, 8, 10, 11, 12, 13 ], "summary": { "covered_lines": 11, "num_statements": 11, "percent_covered": 100.0, "percent_covered_display": "100", "missing_lines": 0, "excluded_lines": 0 }, "missing_lines": [ ], "excluded_lines": [ ] } }, "classes": { "User": { "executed_lines": [ ], "summary": { "covered_lines": 0, "num_statements": 0, "percent_covered": 100.0, "percent_covered_display": "100", "missing_lines": 0, "excluded_lines": 0 }, "missing_lines": [ ], "excluded_lines": [ ] }, "": { "executed_lines": [ 1, 2, 3, 4, 5, 7, 8, 10, 11, 12, 13 ], "summary": { "covered_lines": 11, "num_statements": 11, "percent_covered": 100.0, "percent_covered_display": "100", "missing_lines": 0, "excluded_lines": 0 }, "missing_lines": [ ], "excluded_lines": [ ] } } }, "app/schemas/commands.py": { "executed_lines": [ 1, 2, 3, 6, 7, 9, 10, 17, 18, 19, 20, 22, 23, 32, 33, 34, 35, 36, 37, 38, 39, 40, 42, 43 ], "summary": { "covered_lines": 24, "num_statements": 24, "percent_covered": 100.0, "percent_covered_display": "100", "missing_lines": 0, "excluded_lines": 0 }, "missing_lines": [ ], "excluded_lines": [ ], "functions": { "": { "executed_lines": [ 1, 2, 3, 6, 7, 9, 10, 17, 18, 19, 20, 22, 23, 32, 33, 34, 35, 36, 37, 38, 39, 40, 42, 43 ], "summary": { "covered_lines": 24, "num_statements": 24, "percent_covered": 100.0, "percent_covered_display": "100", "missing_lines": 0, "excluded_lines": 0 }, "missing_lines": [ ], "excluded_lines": [ ] } }, "classes": { "CommandCreate": { "executed_lines": [ ], "summary": { "covered_lines": 0, "num_statements": 0, "percent_covered": 100.0, "percent_covered_display": "100", "missing_lines": 0, "excluded_lines": 0 }, "missing_lines": [ ], "excluded_lines": [ ] }, "CommandCreate.Config": { "executed_lines": [ ], "summary": { "covered_lines": 0, "num_statements": 0, "percent_covered": 100.0, "percent_covered_display": "100", "missing_lines": 0, "excluded_lines": 0 }, "missing_lines": [ ], "excluded_lines": [ ] }, "CommandResultSubmit": { "executed_lines": [ ], "summary": { "covered_lines": 0, "num_statements": 0, "percent_covered": 100.0, "percent_covered_display": "100", "missing_lines": 0, "excluded_lines": 0 }, "missing_lines": [ ], "excluded_lines": [ ] }, "CommandResultSubmit.Config": { "executed_lines": [ ], "summary": { "covered_lines": 0, "num_statements": 0, "percent_covered": 100.0, "percent_covered_display": "100", "missing_lines": 0, "excluded_lines": 0 }, "missing_lines": [ ], "excluded_lines": [ ] }, "CommandOut": { "executed_lines": [ ], "summary": { "covered_lines": 0, "num_statements": 0, "percent_covered": 100.0, "percent_covered_display": "100", "missing_lines": 0, "excluded_lines": 0 }, "missing_lines": [ ], "excluded_lines": [ ] }, "CommandOut.Config": { "executed_lines": [ ], "summary": { "covered_lines": 0, "num_statements": 0, "percent_covered": 100.0, "percent_covered_display": "100", "missing_lines": 0, "excluded_lines": 0 }, "missing_lines": [ ], "excluded_lines": [ ] }, "": { "executed_lines": [ 1, 2, 3, 6, 7, 9, 10, 17, 18, 19, 20, 22, 23, 32, 33, 34, 35, 36, 37, 38, 39, 40, 42, 43 ], "summary": { "covered_lines": 24, "num_statements": 24, "percent_covered": 100.0, "percent_covered_display": "100", "missing_lines": 0, "excluded_lines": 0 }, "missing_lines": [ ], "excluded_lines": [ ] } } } }, "totals": { "covered_lines": 405, "num_statements": 622, "percent_covered": 65.11254019292605, "percent_covered_display": "65", "missing_lines": 217, "excluded_lines": 0 } }